[error] 2018-11-13T02:43:59.650Z - error test
[error] 2018-11-13T02:45:09.881Z - error test
[error] 2018-11-13T02:45:26.048Z - error test
[error] 2018-11-13T02:47:52.922Z - error test
[error] 2018-11-13T02:48:16.183Z - error test
[error] 2018-11-13T02:48:35.527Z - error test
[error] 2018-11-13T02:49:08.420Z - error test
[error] 2018-11-13T02:49:10.460Z - error test
[error] 2018-11-13T02:49:11.501Z - error test
[error] 2018-11-13T02:49:12.188Z - error test
[error] 2018-11-13T02:49:12.613Z - error test
[error] 2018-11-13T02:49:12.984Z - error test
[error] 2018-11-13T02:49:13.347Z - error test
[error] 2018-11-13T02:49:13.658Z - error test
[error] 2018-11-13T02:49:13.996Z - error test
[error] 2018-11-13T02:49:14.356Z - error test
[error] 2018-11-13T02:49:16.831Z - error test
[error] 2018-11-13T02:49:36.434Z - error test
[error] 2018-11-13T02:49:40.910Z - error test
[error] 2018-11-13T02:51:27.261Z - error test
[error] 2018-11-13T02:52:25.884Z - error test
[error] 2018-11-13T03:01:42.332Z - uncaughtException: morgan is not defined
ReferenceError: morgan is not defined
    at Object.<anonymous> (/projects/expressjs_demo/server.js:16:1)
    at Module._compile (module.js:624:30)
    at loader (/projects/expressjs_demo/node_modules/babel-register/lib/node.js:144:5)
    at Object.require.extensions.(anonymous function) [as .js] (/projects/expressjs_demo/node_modules/babel-register/lib/node.js:154:7)
    at Module.load (module.js:545:32)
    at tryModuleLoad (module.js:508:12)
    at Function.Module._load (module.js:500:3)
    at Function.Module.runMain (module.js:665:10)
    at Object.<anonymous> (/projects/expressjs_demo/node_modules/babel-cli/lib/_babel-node.js:154:22)
    at Module._compile (module.js:624:30)
[error] 2018-11-13T03:02:16.095Z - uncaughtException: morgan is not defined
ReferenceError: morgan is not defined
    at Object.<anonymous> (/projects/expressjs_demo/server.js:16:1)
    at Module._compile (module.js:624:30)
    at loader (/projects/expressjs_demo/node_modules/babel-register/lib/node.js:144:5)
    at Object.require.extensions.(anonymous function) [as .js] (/projects/expressjs_demo/node_modules/babel-register/lib/node.js:154:7)
    at Module.load (module.js:545:32)
    at tryModuleLoad (module.js:508:12)
    at Function.Module._load (module.js:500:3)
    at Function.Module.runMain (module.js:665:10)
    at Object.<anonymous> (/projects/expressjs_demo/node_modules/babel-cli/lib/_babel-node.js:154:22)
    at Module._compile (module.js:624:30)
[error] 2018-11-13T03:02:22.420Z - uncaughtException: morgan is not defined
ReferenceError: morgan is not defined
    at Object.<anonymous> (/projects/expressjs_demo/server.js:16:1)
    at Module._compile (module.js:624:30)
    at loader (/projects/expressjs_demo/node_modules/babel-register/lib/node.js:144:5)
    at Object.require.extensions.(anonymous function) [as .js] (/projects/expressjs_demo/node_modules/babel-register/lib/node.js:154:7)
    at Module.load (module.js:545:32)
    at tryModuleLoad (module.js:508:12)
    at Function.Module._load (module.js:500:3)
    at Function.Module.runMain (module.js:665:10)
    at Object.<anonymous> (/projects/expressjs_demo/node_modules/babel-cli/lib/_babel-node.js:154:22)
    at Module._compile (module.js:624:30)
[error] 2018-11-13T03:02:54.365Z - uncaughtException: morgan is not defined
ReferenceError: morgan is not defined
    at Object.<anonymous> (/projects/expressjs_demo/server.js:16:1)
    at Module._compile (module.js:624:30)
    at loader (/projects/expressjs_demo/node_modules/babel-register/lib/node.js:144:5)
    at Object.require.extensions.(anonymous function) [as .js] (/projects/expressjs_demo/node_modules/babel-register/lib/node.js:154:7)
    at Module.load (module.js:545:32)
    at tryModuleLoad (module.js:508:12)
    at Function.Module._load (module.js:500:3)
    at Function.Module.runMain (module.js:665:10)
    at Object.<anonymous> (/projects/expressjs_demo/node_modules/babel-cli/lib/_babel-node.js:154:22)
    at Module._compile (module.js:624:30)
[error] 2018-11-13T03:02:56.273Z - uncaughtException: morgan is not defined
ReferenceError: morgan is not defined
    at Object.<anonymous> (/projects/expressjs_demo/server.js:16:1)
    at Module._compile (module.js:624:30)
    at loader (/projects/expressjs_demo/node_modules/babel-register/lib/node.js:144:5)
    at Object.require.extensions.(anonymous function) [as .js] (/projects/expressjs_demo/node_modules/babel-register/lib/node.js:154:7)
    at Module.load (module.js:545:32)
    at tryModuleLoad (module.js:508:12)
    at Function.Module._load (module.js:500:3)
    at Function.Module.runMain (module.js:665:10)
    at Object.<anonymous> (/projects/expressjs_demo/node_modules/babel-cli/lib/_babel-node.js:154:22)
    at Module._compile (module.js:624:30)
[error] 2018-11-13T03:02:56.426Z - uncaughtException: morgan is not defined
ReferenceError: morgan is not defined
    at Object.<anonymous> (/projects/expressjs_demo/server.js:16:1)
    at Module._compile (module.js:624:30)
    at loader (/projects/expressjs_demo/node_modules/babel-register/lib/node.js:144:5)
    at Object.require.extensions.(anonymous function) [as .js] (/projects/expressjs_demo/node_modules/babel-register/lib/node.js:154:7)
    at Module.load (module.js:545:32)
    at tryModuleLoad (module.js:508:12)
    at Function.Module._load (module.js:500:3)
    at Function.Module.runMain (module.js:665:10)
    at Object.<anonymous> (/projects/expressjs_demo/node_modules/babel-cli/lib/_babel-node.js:154:22)
    at Module._compile (module.js:624:30)
[error] 2018-11-13T03:03:41.297Z - uncaughtException: app is not defined
ReferenceError: app is not defined
    at Object.<anonymous> (/projects/expressjs_demo/lib/logger.js:86:1)
    at Module._compile (module.js:624:30)
    at loader (/projects/expressjs_demo/node_modules/babel-register/lib/node.js:144:5)
    at Object.require.extensions.(anonymous function) [as .js] (/projects/expressjs_demo/node_modules/babel-register/lib/node.js:154:7)
    at Module.load (module.js:545:32)
    at tryModuleLoad (module.js:508:12)
    at Function.Module._load (module.js:500:3)
    at Module.require (module.js:568:17)
    at require (internal/module.js:11:18)
    at Object.<anonymous> (/projects/expressjs_demo/lib/index.js:2:1)
[error] 2018-11-13T03:03:41.297Z - uncaughtException: app is not defined
ReferenceError: app is not defined
    at Object.<anonymous> (/projects/expressjs_demo/lib/logger.js:86:1)
    at Module._compile (module.js:624:30)
    at loader (/projects/expressjs_demo/node_modules/babel-register/lib/node.js:144:5)
    at Object.require.extensions.(anonymous function) [as .js] (/projects/expressjs_demo/node_modules/babel-register/lib/node.js:154:7)
    at Module.load (module.js:545:32)
    at tryModuleLoad (module.js:508:12)
    at Function.Module._load (module.js:500:3)
    at Module.require (module.js:568:17)
    at require (internal/module.js:11:18)
    at Object.<anonymous> (/projects/expressjs_demo/lib/index.js:2:1)
[error] 2018-11-13T03:04:02.564Z - uncaughtException: morgan is not defined
ReferenceError: morgan is not defined
    at Object.<anonymous> (/projects/expressjs_demo/server.js:16:1)
    at Module._compile (module.js:624:30)
    at loader (/projects/expressjs_demo/node_modules/babel-register/lib/node.js:144:5)
    at Object.require.extensions.(anonymous function) [as .js] (/projects/expressjs_demo/node_modules/babel-register/lib/node.js:154:7)
    at Module.load (module.js:545:32)
    at tryModuleLoad (module.js:508:12)
    at Function.Module._load (module.js:500:3)
    at Function.Module.runMain (module.js:665:10)
    at Object.<anonymous> (/projects/expressjs_demo/node_modules/babel-cli/lib/_babel-node.js:154:22)
    at Module._compile (module.js:624:30)
[error] 2018-11-13T03:05:44.547Z - uncaughtException: listen EADDRINUSE 0.0.0.0:4000
Error: listen EADDRINUSE 0.0.0.0:4000
    at Object._errnoException (util.js:1019:11)
    at _exceptionWithHostPort (util.js:1041:20)
    at Server.setupListenHandle [as _listen2] (net.js:1344:14)
    at listenInCluster (net.js:1385:12)
    at doListen (net.js:1494:7)
    at _combinedTickCallback (internal/process/next_tick.js:141:11)
    at process._tickDomainCallback (internal/process/next_tick.js:218:9)
    at Function.Module.runMain (module.js:667:11)
    at Object.<anonymous> (/projects/expressjs_demo/node_modules/babel-cli/lib/_babel-node.js:154:22)
    at Module._compile (module.js:624:30)
[error] 2018-11-13T03:06:38.954Z - uncaughtException: app.use() requires a middleware function
TypeError: app.use() requires a middleware function
    at Function.use (/projects/expressjs_demo/node_modules/express/lib/application.js:210:11)
    at Object.<anonymous> (/projects/expressjs_demo/server.js:16:5)
    at Module._compile (module.js:624:30)
    at loader (/projects/expressjs_demo/node_modules/babel-register/lib/node.js:144:5)
    at Object.require.extensions.(anonymous function) [as .js] (/projects/expressjs_demo/node_modules/babel-register/lib/node.js:154:7)
    at Module.load (module.js:545:32)
    at tryModuleLoad (module.js:508:12)
    at Function.Module._load (module.js:500:3)
    at Function.Module.runMain (module.js:665:10)
    at Object.<anonymous> (/projects/expressjs_demo/node_modules/babel-cli/lib/_babel-node.js:154:22)
[error] 2018-11-13T03:06:53.031Z - uncaughtException: app.use() requires a middleware function
TypeError: app.use() requires a middleware function
    at Function.use (/projects/expressjs_demo/node_modules/express/lib/application.js:210:11)
    at Object.<anonymous> (/projects/expressjs_demo/server.js:16:5)
    at Module._compile (module.js:624:30)
    at loader (/projects/expressjs_demo/node_modules/babel-register/lib/node.js:144:5)
    at Object.require.extensions.(anonymous function) [as .js] (/projects/expressjs_demo/node_modules/babel-register/lib/node.js:154:7)
    at Module.load (module.js:545:32)
    at tryModuleLoad (module.js:508:12)
    at Function.Module._load (module.js:500:3)
    at Function.Module.runMain (module.js:665:10)
    at Object.<anonymous> (/projects/expressjs_demo/node_modules/babel-cli/lib/_babel-node.js:154:22)
[error] 2018-11-13T03:07:05.267Z - uncaughtException: app.use() requires a middleware function
TypeError: app.use() requires a middleware function
    at Function.use (/projects/expressjs_demo/node_modules/express/lib/application.js:210:11)
    at Object.<anonymous> (/projects/expressjs_demo/server.js:17:5)
    at Module._compile (module.js:624:30)
    at loader (/projects/expressjs_demo/node_modules/babel-register/lib/node.js:144:5)
    at Object.require.extensions.(anonymous function) [as .js] (/projects/expressjs_demo/node_modules/babel-register/lib/node.js:154:7)
    at Module.load (module.js:545:32)
    at tryModuleLoad (module.js:508:12)
    at Function.Module._load (module.js:500:3)
    at Function.Module.runMain (module.js:665:10)
    at Object.<anonymous> (/projects/expressjs_demo/node_modules/babel-cli/lib/_babel-node.js:154:22)
[error] 2018-11-13T03:07:23.792Z - uncaughtException: Cannot read property 'use' of undefined
TypeError: Cannot read property 'use' of undefined
    at Object.<anonymous> (/projects/expressjs_demo/server.js:16:1)
    at Module._compile (module.js:624:30)
    at loader (/projects/expressjs_demo/node_modules/babel-register/lib/node.js:144:5)
    at Object.require.extensions.(anonymous function) [as .js] (/projects/expressjs_demo/node_modules/babel-register/lib/node.js:154:7)
    at Module.load (module.js:545:32)
    at tryModuleLoad (module.js:508:12)
    at Function.Module._load (module.js:500:3)
    at Function.Module.runMain (module.js:665:10)
    at Object.<anonymous> (/projects/expressjs_demo/node_modules/babel-cli/lib/_babel-node.js:154:22)
    at Module._compile (module.js:624:30)
[error] 2018-11-13T03:07:36.642Z - uncaughtException: app.use() requires a middleware function
TypeError: app.use() requires a middleware function
    at Function.use (/projects/expressjs_demo/node_modules/express/lib/application.js:210:11)
    at Object.<anonymous> (/projects/expressjs_demo/server.js:17:5)
    at Module._compile (module.js:624:30)
    at loader (/projects/expressjs_demo/node_modules/babel-register/lib/node.js:144:5)
    at Object.require.extensions.(anonymous function) [as .js] (/projects/expressjs_demo/node_modules/babel-register/lib/node.js:154:7)
    at Module.load (module.js:545:32)
    at tryModuleLoad (module.js:508:12)
    at Function.Module._load (module.js:500:3)
    at Function.Module.runMain (module.js:665:10)
    at Object.<anonymous> (/projects/expressjs_demo/node_modules/babel-cli/lib/_babel-node.js:154:22)
[error] 2018-11-13T03:07:44.767Z - uncaughtException: app.use() requires a middleware function
TypeError: app.use() requires a middleware function
    at Function.use (/projects/expressjs_demo/node_modules/express/lib/application.js:210:11)
    at Object.<anonymous> (/projects/expressjs_demo/server.js:17:5)
    at Module._compile (module.js:624:30)
    at loader (/projects/expressjs_demo/node_modules/babel-register/lib/node.js:144:5)
    at Object.require.extensions.(anonymous function) [as .js] (/projects/expressjs_demo/node_modules/babel-register/lib/node.js:154:7)
    at Module.load (module.js:545:32)
    at tryModuleLoad (module.js:508:12)
    at Function.Module._load (module.js:500:3)
    at Function.Module.runMain (module.js:665:10)
    at Object.<anonymous> (/projects/expressjs_demo/node_modules/babel-cli/lib/_babel-node.js:154:22)
[error] 2018-11-13T03:08:26.100Z - uncaughtException: app.use() requires a middleware function
TypeError: app.use() requires a middleware function
    at Function.use (/projects/expressjs_demo/node_modules/express/lib/application.js:210:11)
    at Object.<anonymous> (/projects/expressjs_demo/server.js:17:5)
    at Module._compile (module.js:624:30)
    at loader (/projects/expressjs_demo/node_modules/babel-register/lib/node.js:144:5)
    at Object.require.extensions.(anonymous function) [as .js] (/projects/expressjs_demo/node_modules/babel-register/lib/node.js:154:7)
    at Module.load (module.js:545:32)
    at tryModuleLoad (module.js:508:12)
    at Function.Module._load (module.js:500:3)
    at Function.Module.runMain (module.js:665:10)
    at Object.<anonymous> (/projects/expressjs_demo/node_modules/babel-cli/lib/_babel-node.js:154:22)
[error] 2018-11-13T03:08:50.746Z - uncaughtException: app.use() requires a middleware function
TypeError: app.use() requires a middleware function
    at Function.use (/projects/expressjs_demo/node_modules/express/lib/application.js:210:11)
    at Object.<anonymous> (/projects/expressjs_demo/server.js:17:5)
    at Module._compile (module.js:624:30)
    at loader (/projects/expressjs_demo/node_modules/babel-register/lib/node.js:144:5)
    at Object.require.extensions.(anonymous function) [as .js] (/projects/expressjs_demo/node_modules/babel-register/lib/node.js:154:7)
    at Module.load (module.js:545:32)
    at tryModuleLoad (module.js:508:12)
    at Function.Module._load (module.js:500:3)
    at Function.Module.runMain (module.js:665:10)
    at Object.<anonymous> (/projects/expressjs_demo/node_modules/babel-cli/lib/_babel-node.js:154:22)
[error] 2018-11-13T03:08:58.076Z - uncaughtException: app.use() requires a middleware function
TypeError: app.use() requires a middleware function
    at Function.use (/projects/expressjs_demo/node_modules/express/lib/application.js:210:11)
    at Object.<anonymous> (/projects/expressjs_demo/server.js:17:5)
    at Module._compile (module.js:624:30)
    at loader (/projects/expressjs_demo/node_modules/babel-register/lib/node.js:144:5)
    at Object.require.extensions.(anonymous function) [as .js] (/projects/expressjs_demo/node_modules/babel-register/lib/node.js:154:7)
    at Module.load (module.js:545:32)
    at tryModuleLoad (module.js:508:12)
    at Function.Module._load (module.js:500:3)
    at Function.Module.runMain (module.js:665:10)
    at Object.<anonymous> (/projects/expressjs_demo/node_modules/babel-cli/lib/_babel-node.js:154:22)
[error] 2018-11-13T03:09:01.309Z - uncaughtException: app.use() requires a middleware function
TypeError: app.use() requires a middleware function
    at Function.use (/projects/expressjs_demo/node_modules/express/lib/application.js:210:11)
    at Object.<anonymous> (/projects/expressjs_demo/server.js:17:5)
    at Module._compile (module.js:624:30)
    at loader (/projects/expressjs_demo/node_modules/babel-register/lib/node.js:144:5)
    at Object.require.extensions.(anonymous function) [as .js] (/projects/expressjs_demo/node_modules/babel-register/lib/node.js:154:7)
    at Module.load (module.js:545:32)
    at tryModuleLoad (module.js:508:12)
    at Function.Module._load (module.js:500:3)
    at Function.Module.runMain (module.js:665:10)
    at Object.<anonymous> (/projects/expressjs_demo/node_modules/babel-cli/lib/_babel-node.js:154:22)
[error] 2018-11-13T03:09:01.447Z - uncaughtException: app.use() requires a middleware function
TypeError: app.use() requires a middleware function
    at Function.use (/projects/expressjs_demo/node_modules/express/lib/application.js:210:11)
    at Object.<anonymous> (/projects/expressjs_demo/server.js:17:5)
    at Module._compile (module.js:624:30)
    at loader (/projects/expressjs_demo/node_modules/babel-register/lib/node.js:144:5)
    at Object.require.extensions.(anonymous function) [as .js] (/projects/expressjs_demo/node_modules/babel-register/lib/node.js:154:7)
    at Module.load (module.js:545:32)
    at tryModuleLoad (module.js:508:12)
    at Function.Module._load (module.js:500:3)
    at Function.Module.runMain (module.js:665:10)
    at Object.<anonymous> (/projects/expressjs_demo/node_modules/babel-cli/lib/_babel-node.js:154:22)
[error] 2018-11-13T03:11:48.030Z - error test
[error] 2018-11-13T03:12:11.711Z - error test
[error] 2018-11-13T03:12:13.459Z - error test
[error] 2018-11-13T03:12:24.961Z - error test
[error] 2018-11-13T03:12:26.234Z - error test
[error] 2018-11-13T03:12:38.062Z - error test
[error] 2018-11-13T03:12:39.038Z - error test
[error] 2018-11-13T03:12:40.236Z - error test
[error] 2018-11-13T03:12:40.973Z - error test
[error] 2018-11-13T03:12:41.580Z - error test
[error] 2018-11-13T03:12:41.995Z - error test
[error] 2018-11-13T03:12:42.410Z - error test
[error] 2018-11-13T03:12:42.782Z - error test
[error] 2018-11-13T03:12:43.730Z - error test
[error] 2018-11-13T03:12:44.340Z - error test
[error] 2018-11-13T03:14:19.577Z - error test
[error] 2018-11-13T03:14:21.594Z - error test
[error] 2018-11-13T03:14:33.156Z - uncaughtException: log is not defined
ReferenceError: log is not defined
    at Object.<anonymous> (/projects/expressjs_demo/server.js:17:9)
    at Module._compile (module.js:624:30)
    at loader (/projects/expressjs_demo/node_modules/babel-register/lib/node.js:144:5)
    at Object.require.extensions.(anonymous function) [as .js] (/projects/expressjs_demo/node_modules/babel-register/lib/node.js:154:7)
    at Module.load (module.js:545:32)
    at tryModuleLoad (module.js:508:12)
    at Function.Module._load (module.js:500:3)
    at Function.Module.runMain (module.js:665:10)
    at Object.<anonymous> (/projects/expressjs_demo/node_modules/babel-cli/lib/_babel-node.js:154:22)
    at Module._compile (module.js:624:30)
[error] 2018-11-13T03:14:56.178Z - error test
[error] 2018-11-13T03:16:58.159Z - error test
[error] 2018-11-13T03:17:28.036Z - error test
[error] 2018-11-13T03:18:58.634Z - error test
[error] 2018-11-13T03:19:57.639Z - uncaughtException: app.use() requires a middleware function
TypeError: app.use() requires a middleware function
    at Function.use (/projects/expressjs_demo/node_modules/express/lib/application.js:210:11)
    at Object.<anonymous> (/projects/expressjs_demo/server.js:17:5)
    at Module._compile (module.js:624:30)
    at loader (/projects/expressjs_demo/node_modules/babel-register/lib/node.js:144:5)
    at Object.require.extensions.(anonymous function) [as .js] (/projects/expressjs_demo/node_modules/babel-register/lib/node.js:154:7)
    at Module.load (module.js:545:32)
    at tryModuleLoad (module.js:508:12)
    at Function.Module._load (module.js:500:3)
    at Function.Module.runMain (module.js:665:10)
    at Object.<anonymous> (/projects/expressjs_demo/node_modules/babel-cli/lib/_babel-node.js:154:22)
[error] 2018-11-13T03:20:04.667Z - uncaughtException: app.use() requires a middleware function
TypeError: app.use() requires a middleware function
    at Function.use (/projects/expressjs_demo/node_modules/express/lib/application.js:210:11)
    at Object.<anonymous> (/projects/expressjs_demo/server.js:17:5)
    at Module._compile (module.js:624:30)
    at loader (/projects/expressjs_demo/node_modules/babel-register/lib/node.js:144:5)
    at Object.require.extensions.(anonymous function) [as .js] (/projects/expressjs_demo/node_modules/babel-register/lib/node.js:154:7)
    at Module.load (module.js:545:32)
    at tryModuleLoad (module.js:508:12)
    at Function.Module._load (module.js:500:3)
    at Function.Module.runMain (module.js:665:10)
    at Object.<anonymous> (/projects/expressjs_demo/node_modules/babel-cli/lib/_babel-node.js:154:22)
[error] 2018-11-13T03:20:04.798Z - uncaughtException: app.use() requires a middleware function
TypeError: app.use() requires a middleware function
    at Function.use (/projects/expressjs_demo/node_modules/express/lib/application.js:210:11)
    at Object.<anonymous> (/projects/expressjs_demo/server.js:17:5)
    at Module._compile (module.js:624:30)
    at loader (/projects/expressjs_demo/node_modules/babel-register/lib/node.js:144:5)
    at Object.require.extensions.(anonymous function) [as .js] (/projects/expressjs_demo/node_modules/babel-register/lib/node.js:154:7)
    at Module.load (module.js:545:32)
    at tryModuleLoad (module.js:508:12)
    at Function.Module._load (module.js:500:3)
    at Function.Module.runMain (module.js:665:10)
    at Object.<anonymous> (/projects/expressjs_demo/node_modules/babel-cli/lib/_babel-node.js:154:22)
[error] 2018-11-13T03:20:16.109Z - uncaughtException: app.use() requires a middleware function
TypeError: app.use() requires a middleware function
    at Function.use (/projects/expressjs_demo/node_modules/express/lib/application.js:210:11)
    at Object.<anonymous> (/projects/expressjs_demo/server.js:17:5)
    at Module._compile (module.js:624:30)
    at loader (/projects/expressjs_demo/node_modules/babel-register/lib/node.js:144:5)
    at Object.require.extensions.(anonymous function) [as .js] (/projects/expressjs_demo/node_modules/babel-register/lib/node.js:154:7)
    at Module.load (module.js:545:32)
    at tryModuleLoad (module.js:508:12)
    at Function.Module._load (module.js:500:3)
    at Function.Module.runMain (module.js:665:10)
    at Object.<anonymous> (/projects/expressjs_demo/node_modules/babel-cli/lib/_babel-node.js:154:22)
[error] 2018-11-13T03:20:21.715Z - uncaughtException: app.use() requires a middleware function
TypeError: app.use() requires a middleware function
    at Function.use (/projects/expressjs_demo/node_modules/express/lib/application.js:210:11)
    at Object.<anonymous> (/projects/expressjs_demo/server.js:17:5)
    at Module._compile (module.js:624:30)
    at loader (/projects/expressjs_demo/node_modules/babel-register/lib/node.js:144:5)
    at Object.require.extensions.(anonymous function) [as .js] (/projects/expressjs_demo/node_modules/babel-register/lib/node.js:154:7)
    at Module.load (module.js:545:32)
    at tryModuleLoad (module.js:508:12)
    at Function.Module._load (module.js:500:3)
    at Function.Module.runMain (module.js:665:10)
    at Object.<anonymous> (/projects/expressjs_demo/node_modules/babel-cli/lib/_babel-node.js:154:22)
[error] 2018-11-13T03:20:25.803Z - uncaughtException: app.use() requires a middleware function
TypeError: app.use() requires a middleware function
    at Function.use (/projects/expressjs_demo/node_modules/express/lib/application.js:210:11)
    at Object.<anonymous> (/projects/expressjs_demo/server.js:17:5)
    at Module._compile (module.js:624:30)
    at loader (/projects/expressjs_demo/node_modules/babel-register/lib/node.js:144:5)
    at Object.require.extensions.(anonymous function) [as .js] (/projects/expressjs_demo/node_modules/babel-register/lib/node.js:154:7)
    at Module.load (module.js:545:32)
    at tryModuleLoad (module.js:508:12)
    at Function.Module._load (module.js:500:3)
    at Function.Module.runMain (module.js:665:10)
    at Object.<anonymous> (/projects/expressjs_demo/node_modules/babel-cli/lib/_babel-node.js:154:22)
[error] 2018-11-13T03:20:28.046Z - uncaughtException: morgan_log is not defined
ReferenceError: morgan_log is not defined
    at Object.<anonymous> (/projects/expressjs_demo/server.js:17:9)
    at Module._compile (module.js:624:30)
    at loader (/projects/expressjs_demo/node_modules/babel-register/lib/node.js:144:5)
    at Object.require.extensions.(anonymous function) [as .js] (/projects/expressjs_demo/node_modules/babel-register/lib/node.js:154:7)
    at Module.load (module.js:545:32)
    at tryModuleLoad (module.js:508:12)
    at Function.Module._load (module.js:500:3)
    at Function.Module.runMain (module.js:665:10)
    at Object.<anonymous> (/projects/expressjs_demo/node_modules/babel-cli/lib/_babel-node.js:154:22)
    at Module._compile (module.js:624:30)
[error] 2018-11-13T03:20:28.194Z - uncaughtException: morgan_log is not defined
ReferenceError: morgan_log is not defined
    at Object.<anonymous> (/projects/expressjs_demo/server.js:17:9)
    at Module._compile (module.js:624:30)
    at loader (/projects/expressjs_demo/node_modules/babel-register/lib/node.js:144:5)
    at Object.require.extensions.(anonymous function) [as .js] (/projects/expressjs_demo/node_modules/babel-register/lib/node.js:154:7)
    at Module.load (module.js:545:32)
    at tryModuleLoad (module.js:508:12)
    at Function.Module._load (module.js:500:3)
    at Function.Module.runMain (module.js:665:10)
    at Object.<anonymous> (/projects/expressjs_demo/node_modules/babel-cli/lib/_babel-node.js:154:22)
    at Module._compile (module.js:624:30)
[error] 2018-11-13T03:20:31.472Z - error test
[error] 2018-11-13T03:20:53.308Z - error test
[error] 2018-11-13T03:20:54.555Z - error test
[error] 2018-11-13T03:20:55.413Z - error test
[error] 2018-11-13T03:22:45.475Z - error test
[error] 2018-11-13T03:23:40.037Z - error test
[error] 2018-11-13T03:23:40.052Z - uncaughtException: tokens.ip is not a function
TypeError: tokens.ip is not a function
    at eval (eval at compile (/projects/expressjs_demo/node_modules/morgan/index.js:391:10), <anonymous>:5:18)
    at Array.logRequest (/projects/expressjs_demo/node_modules/morgan/index.js:122:18)
    at listener (/projects/expressjs_demo/node_modules/on-finished/index.js:169:15)
    at onFinish (/projects/expressjs_demo/node_modules/on-finished/index.js:100:5)
    at callback (/projects/expressjs_demo/node_modules/ee-first/index.js:55:10)
    at ServerResponse.onevent (/projects/expressjs_demo/node_modules/ee-first/index.js:93:5)
    at emitNone (events.js:110:20)
    at ServerResponse.emit (events.js:207:7)
    at onFinish (_http_outgoing.js:718:10)
    at _combinedTickCallback (internal/process/next_tick.js:131:7)
[error] 2018-11-13T03:23:41.084Z - error test
[error] 2018-11-13T03:23:41.086Z - uncaughtException: tokens.ip is not a function
TypeError: tokens.ip is not a function
    at eval (eval at compile (/projects/expressjs_demo/node_modules/morgan/index.js:391:10), <anonymous>:5:18)
    at Array.logRequest (/projects/expressjs_demo/node_modules/morgan/index.js:122:18)
    at listener (/projects/expressjs_demo/node_modules/on-finished/index.js:169:15)
    at onFinish (/projects/expressjs_demo/node_modules/on-finished/index.js:100:5)
    at callback (/projects/expressjs_demo/node_modules/ee-first/index.js:55:10)
    at ServerResponse.onevent (/projects/expressjs_demo/node_modules/ee-first/index.js:93:5)
    at emitNone (events.js:110:20)
    at ServerResponse.emit (events.js:207:7)
    at onFinish (_http_outgoing.js:718:10)
    at _combinedTickCallback (internal/process/next_tick.js:131:7)
[error] 2018-11-13T03:23:42.367Z - error test
[error] 2018-11-13T03:23:42.369Z - uncaughtException: tokens.ip is not a function
TypeError: tokens.ip is not a function
    at eval (eval at compile (/projects/expressjs_demo/node_modules/morgan/index.js:391:10), <anonymous>:5:18)
    at Array.logRequest (/projects/expressjs_demo/node_modules/morgan/index.js:122:18)
    at listener (/projects/expressjs_demo/node_modules/on-finished/index.js:169:15)
    at onFinish (/projects/expressjs_demo/node_modules/on-finished/index.js:100:5)
    at callback (/projects/expressjs_demo/node_modules/ee-first/index.js:55:10)
    at ServerResponse.onevent (/projects/expressjs_demo/node_modules/ee-first/index.js:93:5)
    at emitNone (events.js:110:20)
    at ServerResponse.emit (events.js:207:7)
    at onFinish (_http_outgoing.js:718:10)
    at _combinedTickCallback (internal/process/next_tick.js:131:7)
[error] 2018-11-13T03:23:43.237Z - error test
[error] 2018-11-13T03:23:43.239Z - uncaughtException: tokens.ip is not a function
TypeError: tokens.ip is not a function
    at eval (eval at compile (/projects/expressjs_demo/node_modules/morgan/index.js:391:10), <anonymous>:5:18)
    at Array.logRequest (/projects/expressjs_demo/node_modules/morgan/index.js:122:18)
    at listener (/projects/expressjs_demo/node_modules/on-finished/index.js:169:15)
    at onFinish (/projects/expressjs_demo/node_modules/on-finished/index.js:100:5)
    at callback (/projects/expressjs_demo/node_modules/ee-first/index.js:55:10)
    at ServerResponse.onevent (/projects/expressjs_demo/node_modules/ee-first/index.js:93:5)
    at emitNone (events.js:110:20)
    at ServerResponse.emit (events.js:207:7)
    at onFinish (_http_outgoing.js:718:10)
    at _combinedTickCallback (internal/process/next_tick.js:131:7)
[error] 2018-11-13T03:23:47.291Z - error test
[error] 2018-11-13T03:23:48.136Z - error test
[error] 2018-11-13T03:25:15.943Z - error test
[error] 2018-11-13T03:25:33.179Z - error test
[error] 2018-11-13T03:25:35.731Z - error test
[error] 2018-11-13T03:25:36.543Z - error test
[error] 2018-11-13T03:25:37.143Z - error test
[error] 2018-11-13T03:27:36.322Z - error test
[error] 2018-11-13T03:28:42.446Z - error test
[error] 2018-11-13T03:30:00.743Z - uncaughtException: Cannot find module './auth.route'
Error: Cannot find module './auth.route'
    at Function.Module._resolveFilename (module.js:527:15)
    at Function.Module._load (module.js:476:23)
    at Module.require (module.js:568:17)
    at require (internal/module.js:11:18)
    at Object.<anonymous> (/projects/expressjs_demo/routes/index.js:1:1)
    at Module._compile (module.js:624:30)
    at loader (/projects/expressjs_demo/node_modules/babel-register/lib/node.js:144:5)
    at Object.require.extensions.(anonymous function) [as .js] (/projects/expressjs_demo/node_modules/babel-register/lib/node.js:154:7)
    at Module.load (module.js:545:32)
    at tryModuleLoad (module.js:508:12)
[error] 2018-11-13T03:30:16.353Z - uncaughtException: Router.use() requires a middleware function but got a undefined
TypeError: Router.use() requires a middleware function but got a undefined
    at Function.use (/projects/expressjs_demo/node_modules/express/lib/router/index.js:458:13)
    at Function.<anonymous> (/projects/expressjs_demo/node_modules/express/lib/application.js:220:21)
    at Array.forEach (<anonymous>)
    at Function.use (/projects/expressjs_demo/node_modules/express/lib/application.js:217:7)
    at exports.default (/projects/expressjs_demo/conf/routes.js:3:7)
    at Object.<anonymous> (/projects/expressjs_demo/server.js:22:1)
    at Module._compile (module.js:624:30)
    at loader (/projects/expressjs_demo/node_modules/babel-register/lib/node.js:144:5)
    at Object.require.extensions.(anonymous function) [as .js] (/projects/expressjs_demo/node_modules/babel-register/lib/node.js:154:7)
    at Module.load (module.js:545:32)
[error] 2018-11-13T03:30:31.637Z - uncaughtException: Router.use() requires a middleware function but got a undefined
TypeError: Router.use() requires a middleware function but got a undefined
    at Function.use (/projects/expressjs_demo/node_modules/express/lib/router/index.js:458:13)
    at Function.<anonymous> (/projects/expressjs_demo/node_modules/express/lib/application.js:220:21)
    at Array.forEach (<anonymous>)
    at Function.use (/projects/expressjs_demo/node_modules/express/lib/application.js:217:7)
    at exports.default (/projects/expressjs_demo/conf/routes.js:3:7)
    at Object.<anonymous> (/projects/expressjs_demo/server.js:22:1)
    at Module._compile (module.js:624:30)
    at loader (/projects/expressjs_demo/node_modules/babel-register/lib/node.js:144:5)
    at Object.require.extensions.(anonymous function) [as .js] (/projects/expressjs_demo/node_modules/babel-register/lib/node.js:154:7)
    at Module.load (module.js:545:32)
[error] 2018-11-13T03:32:17.272Z - uncaughtException: listen EADDRINUSE 0.0.0.0:4000
Error: listen EADDRINUSE 0.0.0.0:4000
    at Object._errnoException (util.js:1019:11)
    at _exceptionWithHostPort (util.js:1041:20)
    at Server.setupListenHandle [as _listen2] (net.js:1344:14)
    at listenInCluster (net.js:1385:12)
    at doListen (net.js:1494:7)
    at _combinedTickCallback (internal/process/next_tick.js:141:11)
    at process._tickDomainCallback (internal/process/next_tick.js:218:9)
    at Function.Module.runMain (module.js:667:11)
    at Object.<anonymous> (/projects/expressjs_demo/node_modules/babel-cli/lib/_babel-node.js:154:22)
    at Module._compile (module.js:624:30)
[error] 2018-11-13T03:33:00.430Z - error test
[error] 2018-11-13T03:33:02.651Z - error test
[error] 2018-11-13T03:46:03.226Z - uncaughtException: Cannot read property 'getAccessToken' of undefined
TypeError: Cannot read property 'getAccessToken' of undefined
    at Object.<anonymous> (/projects/expressjs_demo/routes/sample.route.js:5:17)
    at Module._compile (module.js:624:30)
    at loader (/projects/expressjs_demo/node_modules/babel-register/lib/node.js:144:5)
    at Object.require.extensions.(anonymous function) [as .js] (/projects/expressjs_demo/node_modules/babel-register/lib/node.js:154:7)
    at Module.load (module.js:545:32)
    at tryModuleLoad (module.js:508:12)
    at Function.Module._load (module.js:500:3)
    at Module.require (module.js:568:17)
    at require (internal/module.js:11:18)
    at Object.<anonymous> (/projects/expressjs_demo/routes/index.js:1:1)
[error] 2018-11-13T03:46:36.398Z - uncaughtException: getAccessToken is not defined
ReferenceError: getAccessToken is not defined
    at Object.<anonymous> (/projects/expressjs_demo/controllers/sample.controller.js:10:5)
    at Module._compile (module.js:624:30)
    at loader (/projects/expressjs_demo/node_modules/babel-register/lib/node.js:144:5)
    at Object.require.extensions.(anonymous function) [as .js] (/projects/expressjs_demo/node_modules/babel-register/lib/node.js:154:7)
    at Module.load (module.js:545:32)
    at tryModuleLoad (module.js:508:12)
    at Function.Module._load (module.js:500:3)
    at Module.require (module.js:568:17)
    at require (internal/module.js:11:18)
    at Object.<anonymous> (/projects/expressjs_demo/controllers/index.js:1:1)
[error] 2018-11-13T03:47:56.890Z - uncaughtException: getAccessToken is not defined
ReferenceError: getAccessToken is not defined
    at Object.<anonymous> (/projects/expressjs_demo/controllers/sample.controller.js:11:5)
    at Module._compile (module.js:624:30)
    at loader (/projects/expressjs_demo/node_modules/babel-register/lib/node.js:144:5)
    at Object.require.extensions.(anonymous function) [as .js] (/projects/expressjs_demo/node_modules/babel-register/lib/node.js:154:7)
    at Module.load (module.js:545:32)
    at tryModuleLoad (module.js:508:12)
    at Function.Module._load (module.js:500:3)
    at Module.require (module.js:568:17)
    at require (internal/module.js:11:18)
    at Object.<anonymous> (/projects/expressjs_demo/controllers/index.js:1:1)
[error] 2018-11-13T03:48:33.955Z - uncaughtException: getAccessToken is not defined
ReferenceError: getAccessToken is not defined
    at Object.<anonymous> (/projects/expressjs_demo/controllers/sample.controller.js:11:5)
    at Module._compile (module.js:624:30)
    at loader (/projects/expressjs_demo/node_modules/babel-register/lib/node.js:144:5)
    at Object.require.extensions.(anonymous function) [as .js] (/projects/expressjs_demo/node_modules/babel-register/lib/node.js:154:7)
    at Module.load (module.js:545:32)
    at tryModuleLoad (module.js:508:12)
    at Function.Module._load (module.js:500:3)
    at Module.require (module.js:568:17)
    at require (internal/module.js:11:18)
    at Object.<anonymous> (/projects/expressjs_demo/controllers/index.js:1:1)
[error] 2018-11-13T03:48:34.091Z - uncaughtException: getAccessToken is not defined
ReferenceError: getAccessToken is not defined
    at Object.<anonymous> (/projects/expressjs_demo/controllers/sample.controller.js:11:5)
    at Module._compile (module.js:624:30)
    at loader (/projects/expressjs_demo/node_modules/babel-register/lib/node.js:144:5)
    at Object.require.extensions.(anonymous function) [as .js] (/projects/expressjs_demo/node_modules/babel-register/lib/node.js:154:7)
    at Module.load (module.js:545:32)
    at tryModuleLoad (module.js:508:12)
    at Function.Module._load (module.js:500:3)
    at Module.require (module.js:568:17)
    at require (internal/module.js:11:18)
    at Object.<anonymous> (/projects/expressjs_demo/controllers/index.js:1:1)
[error] 2018-11-13T03:48:58.342Z - uncaughtException: getAccessToken is not defined
ReferenceError: getAccessToken is not defined
    at Object.<anonymous> (/projects/expressjs_demo/controllers/sample.controller.js:11:5)
    at Module._compile (module.js:624:30)
    at loader (/projects/expressjs_demo/node_modules/babel-register/lib/node.js:144:5)
    at Object.require.extensions.(anonymous function) [as .js] (/projects/expressjs_demo/node_modules/babel-register/lib/node.js:154:7)
    at Module.load (module.js:545:32)
    at tryModuleLoad (module.js:508:12)
    at Function.Module._load (module.js:500:3)
    at Module.require (module.js:568:17)
    at require (internal/module.js:11:18)
    at Object.<anonymous> (/projects/expressjs_demo/controllers/index.js:1:1)
[error] 2018-11-13T03:49:21.553Z - uncaughtException: getAccessToken is not defined
ReferenceError: getAccessToken is not defined
    at Object.<anonymous> (/projects/expressjs_demo/controllers/sample.controller.js:11:5)
    at Module._compile (module.js:624:30)
    at loader (/projects/expressjs_demo/node_modules/babel-register/lib/node.js:144:5)
    at Object.require.extensions.(anonymous function) [as .js] (/projects/expressjs_demo/node_modules/babel-register/lib/node.js:154:7)
    at Module.load (module.js:545:32)
    at tryModuleLoad (module.js:508:12)
    at Function.Module._load (module.js:500:3)
    at Module.require (module.js:568:17)
    at require (internal/module.js:11:18)
    at Object.<anonymous> (/projects/expressjs_demo/controllers/index.js:1:1)
[error] 2018-11-13T03:49:21.556Z - uncaughtException: getAccessToken is not defined
ReferenceError: getAccessToken is not defined
    at Object.<anonymous> (/projects/expressjs_demo/controllers/sample.controller.js:11:5)
    at Module._compile (module.js:624:30)
    at loader (/projects/expressjs_demo/node_modules/babel-register/lib/node.js:144:5)
    at Object.require.extensions.(anonymous function) [as .js] (/projects/expressjs_demo/node_modules/babel-register/lib/node.js:154:7)
    at Module.load (module.js:545:32)
    at tryModuleLoad (module.js:508:12)
    at Function.Module._load (module.js:500:3)
    at Module.require (module.js:568:17)
    at require (internal/module.js:11:18)
    at Object.<anonymous> (/projects/expressjs_demo/controllers/index.js:1:1)
[error] 2018-11-13T03:49:54.092Z - uncaughtException: getAccessToken is not defined
ReferenceError: getAccessToken is not defined
    at Object.<anonymous> (/projects/expressjs_demo/controllers/sample.controller.js:9:5)
    at Module._compile (module.js:624:30)
    at loader (/projects/expressjs_demo/node_modules/babel-register/lib/node.js:144:5)
    at Object.require.extensions.(anonymous function) [as .js] (/projects/expressjs_demo/node_modules/babel-register/lib/node.js:154:7)
    at Module.load (module.js:545:32)
    at tryModuleLoad (module.js:508:12)
    at Function.Module._load (module.js:500:3)
    at Module.require (module.js:568:17)
    at require (internal/module.js:11:18)
    at Object.<anonymous> (/projects/expressjs_demo/controllers/index.js:1:1)
[error] 2018-11-13T03:51:00.595Z - uncaughtException: getAccessToken is not defined
ReferenceError: getAccessToken is not defined
    at Object.<anonymous> (/projects/expressjs_demo/controllers/sample.controller.js:9:5)
    at Module._compile (module.js:624:30)
    at loader (/projects/expressjs_demo/node_modules/babel-register/lib/node.js:144:5)
    at Object.require.extensions.(anonymous function) [as .js] (/projects/expressjs_demo/node_modules/babel-register/lib/node.js:154:7)
    at Module.load (module.js:545:32)
    at tryModuleLoad (module.js:508:12)
    at Function.Module._load (module.js:500:3)
    at Module.require (module.js:568:17)
    at require (internal/module.js:11:18)
    at Object.<anonymous> (/projects/expressjs_demo/controllers/index.js:1:1)
[error] 2018-11-13T03:51:08.197Z - uncaughtException: getAccessToken is not defined
ReferenceError: getAccessToken is not defined
    at Object.<anonymous> (/projects/expressjs_demo/controllers/sample.controller.js:9:5)
    at Module._compile (module.js:624:30)
    at loader (/projects/expressjs_demo/node_modules/babel-register/lib/node.js:144:5)
    at Object.require.extensions.(anonymous function) [as .js] (/projects/expressjs_demo/node_modules/babel-register/lib/node.js:154:7)
    at Module.load (module.js:545:32)
    at tryModuleLoad (module.js:508:12)
    at Function.Module._load (module.js:500:3)
    at Module.require (module.js:568:17)
    at require (internal/module.js:11:18)
    at Object.<anonymous> (/projects/expressjs_demo/controllers/index.js:1:1)
[error] 2018-11-13T03:51:14.004Z - uncaughtException: getAccessToken is not defined
ReferenceError: getAccessToken is not defined
    at Object.<anonymous> (/projects/expressjs_demo/controllers/sample.controller.js:9:5)
    at Module._compile (module.js:624:30)
    at loader (/projects/expressjs_demo/node_modules/babel-register/lib/node.js:144:5)
    at Object.require.extensions.(anonymous function) [as .js] (/projects/expressjs_demo/node_modules/babel-register/lib/node.js:154:7)
    at Module.load (module.js:545:32)
    at tryModuleLoad (module.js:508:12)
    at Function.Module._load (module.js:500:3)
    at Module.require (module.js:568:17)
    at require (internal/module.js:11:18)
    at Object.<anonymous> (/projects/expressjs_demo/controllers/index.js:1:1)
[error] 2018-11-13T03:51:21.508Z - uncaughtException: getAccessToken is not defined
ReferenceError: getAccessToken is not defined
    at Object.<anonymous> (/projects/expressjs_demo/controllers/sample.controller.js:9:5)
    at Module._compile (module.js:624:30)
    at loader (/projects/expressjs_demo/node_modules/babel-register/lib/node.js:144:5)
    at Object.require.extensions.(anonymous function) [as .js] (/projects/expressjs_demo/node_modules/babel-register/lib/node.js:154:7)
    at Module.load (module.js:545:32)
    at tryModuleLoad (module.js:508:12)
    at Function.Module._load (module.js:500:3)
    at Module.require (module.js:568:17)
    at require (internal/module.js:11:18)
    at Object.<anonymous> (/projects/expressjs_demo/controllers/index.js:1:1)
[error] 2018-11-13T03:51:26.579Z - uncaughtException: getAccessToken is not defined
ReferenceError: getAccessToken is not defined
    at Object.<anonymous> (/projects/expressjs_demo/controllers/sample.controller.js:9:5)
    at Module._compile (module.js:624:30)
    at loader (/projects/expressjs_demo/node_modules/babel-register/lib/node.js:144:5)
    at Object.require.extensions.(anonymous function) [as .js] (/projects/expressjs_demo/node_modules/babel-register/lib/node.js:154:7)
    at Module.load (module.js:545:32)
    at tryModuleLoad (module.js:508:12)
    at Function.Module._load (module.js:500:3)
    at Module.require (module.js:568:17)
    at require (internal/module.js:11:18)
    at Object.<anonymous> (/projects/expressjs_demo/controllers/index.js:1:1)
[error] 2018-11-13T03:51:26.720Z - uncaughtException: getAccessToken is not defined
ReferenceError: getAccessToken is not defined
    at Object.<anonymous> (/projects/expressjs_demo/controllers/sample.controller.js:9:5)
    at Module._compile (module.js:624:30)
    at loader (/projects/expressjs_demo/node_modules/babel-register/lib/node.js:144:5)
    at Object.require.extensions.(anonymous function) [as .js] (/projects/expressjs_demo/node_modules/babel-register/lib/node.js:154:7)
    at Module.load (module.js:545:32)
    at tryModuleLoad (module.js:508:12)
    at Function.Module._load (module.js:500:3)
    at Module.require (module.js:568:17)
    at require (internal/module.js:11:18)
    at Object.<anonymous> (/projects/expressjs_demo/controllers/index.js:1:1)
[error] 2018-11-13T03:51:38.294Z - uncaughtException: getAccessToken is not defined
ReferenceError: getAccessToken is not defined
    at Object.<anonymous> (/projects/expressjs_demo/controllers/sample.controller.js:9:5)
    at Module._compile (module.js:624:30)
    at loader (/projects/expressjs_demo/node_modules/babel-register/lib/node.js:144:5)
    at Object.require.extensions.(anonymous function) [as .js] (/projects/expressjs_demo/node_modules/babel-register/lib/node.js:154:7)
    at Module.load (module.js:545:32)
    at tryModuleLoad (module.js:508:12)
    at Function.Module._load (module.js:500:3)
    at Module.require (module.js:568:17)
    at require (internal/module.js:11:18)
    at Object.<anonymous> (/projects/expressjs_demo/controllers/index.js:1:1)
[error] 2018-11-13T03:51:38.335Z - uncaughtException: getAccessToken is not defined
ReferenceError: getAccessToken is not defined
    at Object.<anonymous> (/projects/expressjs_demo/controllers/sample.controller.js:9:5)
    at Module._compile (module.js:624:30)
    at loader (/projects/expressjs_demo/node_modules/babel-register/lib/node.js:144:5)
    at Object.require.extensions.(anonymous function) [as .js] (/projects/expressjs_demo/node_modules/babel-register/lib/node.js:154:7)
    at Module.load (module.js:545:32)
    at tryModuleLoad (module.js:508:12)
    at Function.Module._load (module.js:500:3)
    at Module.require (module.js:568:17)
    at require (internal/module.js:11:18)
    at Object.<anonymous> (/projects/expressjs_demo/controllers/index.js:1:1)
[error] 2018-11-13T03:51:51.035Z - uncaughtException: getAccessToken is not defined
ReferenceError: getAccessToken is not defined
    at Object.<anonymous> (/projects/expressjs_demo/controllers/sample.controller.js:9:5)
    at Module._compile (module.js:624:30)
    at loader (/projects/expressjs_demo/node_modules/babel-register/lib/node.js:144:5)
    at Object.require.extensions.(anonymous function) [as .js] (/projects/expressjs_demo/node_modules/babel-register/lib/node.js:154:7)
    at Module.load (module.js:545:32)
    at tryModuleLoad (module.js:508:12)
    at Function.Module._load (module.js:500:3)
    at Module.require (module.js:568:17)
    at require (internal/module.js:11:18)
    at Object.<anonymous> (/projects/expressjs_demo/controllers/index.js:1:1)
[error] 2018-11-13T03:52:16.580Z - uncaughtException: getAccessToken is not defined
ReferenceError: getAccessToken is not defined
    at Object.<anonymous> (/projects/expressjs_demo/controllers/sample.controller.js:9:5)
    at Module._compile (module.js:624:30)
    at loader (/projects/expressjs_demo/node_modules/babel-register/lib/node.js:144:5)
    at Object.require.extensions.(anonymous function) [as .js] (/projects/expressjs_demo/node_modules/babel-register/lib/node.js:154:7)
    at Module.load (module.js:545:32)
    at tryModuleLoad (module.js:508:12)
    at Function.Module._load (module.js:500:3)
    at Module.require (module.js:568:17)
    at require (internal/module.js:11:18)
    at Object.<anonymous> (/projects/expressjs_demo/controllers/index.js:1:1)
[error] 2018-11-13T03:52:16.580Z - uncaughtException: getAccessToken is not defined
ReferenceError: getAccessToken is not defined
    at Object.<anonymous> (/projects/expressjs_demo/controllers/sample.controller.js:9:5)
    at Module._compile (module.js:624:30)
    at loader (/projects/expressjs_demo/node_modules/babel-register/lib/node.js:144:5)
    at Object.require.extensions.(anonymous function) [as .js] (/projects/expressjs_demo/node_modules/babel-register/lib/node.js:154:7)
    at Module.load (module.js:545:32)
    at tryModuleLoad (module.js:508:12)
    at Function.Module._load (module.js:500:3)
    at Module.require (module.js:568:17)
    at require (internal/module.js:11:18)
    at Object.<anonymous> (/projects/expressjs_demo/controllers/index.js:1:1)
[error] 2018-11-13T03:52:22.437Z - uncaughtException: getAccessToken is not defined
ReferenceError: getAccessToken is not defined
    at Object.<anonymous> (/projects/expressjs_demo/controllers/sample.controller.js:9:5)
    at Module._compile (module.js:624:30)
    at loader (/projects/expressjs_demo/node_modules/babel-register/lib/node.js:144:5)
    at Object.require.extensions.(anonymous function) [as .js] (/projects/expressjs_demo/node_modules/babel-register/lib/node.js:154:7)
    at Module.load (module.js:545:32)
    at tryModuleLoad (module.js:508:12)
    at Function.Module._load (module.js:500:3)
    at Module.require (module.js:568:17)
    at require (internal/module.js:11:18)
    at Object.<anonymous> (/projects/expressjs_demo/controllers/index.js:1:1)
[error] 2018-11-13T03:52:25.904Z - uncaughtException: getAccessToken is not defined
ReferenceError: getAccessToken is not defined
    at Object.<anonymous> (/projects/expressjs_demo/controllers/sample.controller.js:9:5)
    at Module._compile (module.js:624:30)
    at loader (/projects/expressjs_demo/node_modules/babel-register/lib/node.js:144:5)
    at Object.require.extensions.(anonymous function) [as .js] (/projects/expressjs_demo/node_modules/babel-register/lib/node.js:154:7)
    at Module.load (module.js:545:32)
    at tryModuleLoad (module.js:508:12)
    at Function.Module._load (module.js:500:3)
    at Module.require (module.js:568:17)
    at require (internal/module.js:11:18)
    at Object.<anonymous> (/projects/expressjs_demo/controllers/index.js:1:1)
[error] 2018-11-13T03:52:42.266Z - uncaughtException: getAccessToken is not defined
ReferenceError: getAccessToken is not defined
    at Object.<anonymous> (/projects/expressjs_demo/controllers/sample.controller.js:9:5)
    at Module._compile (module.js:624:30)
    at loader (/projects/expressjs_demo/node_modules/babel-register/lib/node.js:144:5)
    at Object.require.extensions.(anonymous function) [as .js] (/projects/expressjs_demo/node_modules/babel-register/lib/node.js:154:7)
    at Module.load (module.js:545:32)
    at tryModuleLoad (module.js:508:12)
    at Function.Module._load (module.js:500:3)
    at Module.require (module.js:568:17)
    at require (internal/module.js:11:18)
    at Object.<anonymous> (/projects/expressjs_demo/controllers/index.js:1:1)
[error] 2018-11-13T03:52:56.713Z - uncaughtException: getAccessToken is not defined
ReferenceError: getAccessToken is not defined
    at Object.<anonymous> (/projects/expressjs_demo/controllers/sample.controller.js:9:5)
    at Module._compile (module.js:624:30)
    at loader (/projects/expressjs_demo/node_modules/babel-register/lib/node.js:144:5)
    at Object.require.extensions.(anonymous function) [as .js] (/projects/expressjs_demo/node_modules/babel-register/lib/node.js:154:7)
    at Module.load (module.js:545:32)
    at tryModuleLoad (module.js:508:12)
    at Function.Module._load (module.js:500:3)
    at Module.require (module.js:568:17)
    at require (internal/module.js:11:18)
    at Object.<anonymous> (/projects/expressjs_demo/controllers/index.js:1:1)
[error] 2018-11-13T03:53:00.043Z - uncaughtException: getAccessToken is not defined
ReferenceError: getAccessToken is not defined
    at Object.<anonymous> (/projects/expressjs_demo/controllers/sample.controller.js:9:5)
    at Module._compile (module.js:624:30)
    at loader (/projects/expressjs_demo/node_modules/babel-register/lib/node.js:144:5)
    at Object.require.extensions.(anonymous function) [as .js] (/projects/expressjs_demo/node_modules/babel-register/lib/node.js:154:7)
    at Module.load (module.js:545:32)
    at tryModuleLoad (module.js:508:12)
    at Function.Module._load (module.js:500:3)
    at Module.require (module.js:568:17)
    at require (internal/module.js:11:18)
    at Object.<anonymous> (/projects/expressjs_demo/controllers/index.js:1:1)
[error] 2018-11-13T03:53:03.337Z - uncaughtException: getAccessToken is not defined
ReferenceError: getAccessToken is not defined
    at Object.<anonymous> (/projects/expressjs_demo/controllers/sample.controller.js:9:5)
    at Module._compile (module.js:624:30)
    at loader (/projects/expressjs_demo/node_modules/babel-register/lib/node.js:144:5)
    at Object.require.extensions.(anonymous function) [as .js] (/projects/expressjs_demo/node_modules/babel-register/lib/node.js:154:7)
    at Module.load (module.js:545:32)
    at tryModuleLoad (module.js:508:12)
    at Function.Module._load (module.js:500:3)
    at Module.require (module.js:568:17)
    at require (internal/module.js:11:18)
    at Object.<anonymous> (/projects/expressjs_demo/controllers/index.js:1:1)
[error] 2018-11-13T03:53:03.590Z - uncaughtException: getAccessToken is not defined
ReferenceError: getAccessToken is not defined
    at Object.<anonymous> (/projects/expressjs_demo/controllers/sample.controller.js:9:5)
    at Module._compile (module.js:624:30)
    at loader (/projects/expressjs_demo/node_modules/babel-register/lib/node.js:144:5)
    at Object.require.extensions.(anonymous function) [as .js] (/projects/expressjs_demo/node_modules/babel-register/lib/node.js:154:7)
    at Module.load (module.js:545:32)
    at tryModuleLoad (module.js:508:12)
    at Function.Module._load (module.js:500:3)
    at Module.require (module.js:568:17)
    at require (internal/module.js:11:18)
    at Object.<anonymous> (/projects/expressjs_demo/controllers/index.js:1:1)
[error] 2018-11-13T03:53:37.496Z - uncaughtException: getAccessToken is not defined
ReferenceError: getAccessToken is not defined
    at Object.<anonymous> (/projects/expressjs_demo/controllers/sample.controller.js:9:5)
    at Module._compile (module.js:624:30)
    at loader (/projects/expressjs_demo/node_modules/babel-register/lib/node.js:144:5)
    at Object.require.extensions.(anonymous function) [as .js] (/projects/expressjs_demo/node_modules/babel-register/lib/node.js:154:7)
    at Module.load (module.js:545:32)
    at tryModuleLoad (module.js:508:12)
    at Function.Module._load (module.js:500:3)
    at Module.require (module.js:568:17)
    at require (internal/module.js:11:18)
    at Object.<anonymous> (/projects/expressjs_demo/controllers/index.js:1:1)
[error] 2018-11-13T03:53:56.026Z - uncaughtException: getAccessToken is not defined
ReferenceError: getAccessToken is not defined
    at Object.<anonymous> (/projects/expressjs_demo/controllers/sample.controller.js:9:5)
    at Module._compile (module.js:624:30)
    at loader (/projects/expressjs_demo/node_modules/babel-register/lib/node.js:144:5)
    at Object.require.extensions.(anonymous function) [as .js] (/projects/expressjs_demo/node_modules/babel-register/lib/node.js:154:7)
    at Module.load (module.js:545:32)
    at tryModuleLoad (module.js:508:12)
    at Function.Module._load (module.js:500:3)
    at Module.require (module.js:568:17)
    at require (internal/module.js:11:18)
    at Object.<anonymous> (/projects/expressjs_demo/controllers/index.js:1:1)
[error] 2018-11-13T03:53:56.026Z - uncaughtException: getAccessToken is not defined
ReferenceError: getAccessToken is not defined
    at Object.<anonymous> (/projects/expressjs_demo/controllers/sample.controller.js:9:5)
    at Module._compile (module.js:624:30)
    at loader (/projects/expressjs_demo/node_modules/babel-register/lib/node.js:144:5)
    at Object.require.extensions.(anonymous function) [as .js] (/projects/expressjs_demo/node_modules/babel-register/lib/node.js:154:7)
    at Module.load (module.js:545:32)
    at tryModuleLoad (module.js:508:12)
    at Function.Module._load (module.js:500:3)
    at Module.require (module.js:568:17)
    at require (internal/module.js:11:18)
    at Object.<anonymous> (/projects/expressjs_demo/controllers/index.js:1:1)
[error] 2018-11-13T03:54:25.006Z - uncaughtException: Cannot read property 'getAccessToken' of undefined
TypeError: Cannot read property 'getAccessToken' of undefined
    at Object.<anonymous> (/projects/expressjs_demo/routes/sample.route.js:5:17)
    at Module._compile (module.js:624:30)
    at loader (/projects/expressjs_demo/node_modules/babel-register/lib/node.js:144:5)
    at Object.require.extensions.(anonymous function) [as .js] (/projects/expressjs_demo/node_modules/babel-register/lib/node.js:154:7)
    at Module.load (module.js:545:32)
    at tryModuleLoad (module.js:508:12)
    at Function.Module._load (module.js:500:3)
    at Module.require (module.js:568:17)
    at require (internal/module.js:11:18)
    at Object.<anonymous> (/projects/expressjs_demo/routes/index.js:1:1)
[error] 2018-11-13T03:54:25.006Z - uncaughtException: Cannot read property 'getAccessToken' of undefined
TypeError: Cannot read property 'getAccessToken' of undefined
    at Object.<anonymous> (/projects/expressjs_demo/routes/sample.route.js:5:17)
    at Module._compile (module.js:624:30)
    at loader (/projects/expressjs_demo/node_modules/babel-register/lib/node.js:144:5)
    at Object.require.extensions.(anonymous function) [as .js] (/projects/expressjs_demo/node_modules/babel-register/lib/node.js:154:7)
    at Module.load (module.js:545:32)
    at tryModuleLoad (module.js:508:12)
    at Function.Module._load (module.js:500:3)
    at Module.require (module.js:568:17)
    at require (internal/module.js:11:18)
    at Object.<anonymous> (/projects/expressjs_demo/routes/index.js:1:1)
[error] 2018-11-13T03:55:26.086Z - uncaughtException: _sample2.default is not a constructor
TypeError: _sample2.default is not a constructor
    at Object.<anonymous> (/projects/expressjs_demo/controllers/index.js:4:23)
    at Module._compile (module.js:624:30)
    at loader (/projects/expressjs_demo/node_modules/babel-register/lib/node.js:144:5)
    at Object.require.extensions.(anonymous function) [as .js] (/projects/expressjs_demo/node_modules/babel-register/lib/node.js:154:7)
    at Module.load (module.js:545:32)
    at tryModuleLoad (module.js:508:12)
    at Function.Module._load (module.js:500:3)
    at Module.require (module.js:568:17)
    at require (internal/module.js:11:18)
    at Object.<anonymous> (/projects/expressjs_demo/routes/sample.route.js:2:1)
[error] 2018-11-13T03:55:26.086Z - uncaughtException: _sample2.default is not a constructor
TypeError: _sample2.default is not a constructor
    at Object.<anonymous> (/projects/expressjs_demo/controllers/index.js:4:23)
    at Module._compile (module.js:624:30)
    at loader (/projects/expressjs_demo/node_modules/babel-register/lib/node.js:144:5)
    at Object.require.extensions.(anonymous function) [as .js] (/projects/expressjs_demo/node_modules/babel-register/lib/node.js:154:7)
    at Module.load (module.js:545:32)
    at tryModuleLoad (module.js:508:12)
    at Function.Module._load (module.js:500:3)
    at Module.require (module.js:568:17)
    at require (internal/module.js:11:18)
    at Object.<anonymous> (/projects/expressjs_demo/routes/sample.route.js:2:1)
[error] 2018-11-13T03:55:35.447Z - uncaughtException: sampleController is not defined
ReferenceError: sampleController is not defined
    at Object.<anonymous> (/projects/expressjs_demo/controllers/index.js:4:5)
    at Module._compile (module.js:624:30)
    at loader (/projects/expressjs_demo/node_modules/babel-register/lib/node.js:144:5)
    at Object.require.extensions.(anonymous function) [as .js] (/projects/expressjs_demo/node_modules/babel-register/lib/node.js:154:7)
    at Module.load (module.js:545:32)
    at tryModuleLoad (module.js:508:12)
    at Function.Module._load (module.js:500:3)
    at Module.require (module.js:568:17)
    at require (internal/module.js:11:18)
    at Object.<anonymous> (/projects/expressjs_demo/routes/sample.route.js:2:1)
[error] 2018-11-13T03:56:04.390Z - uncaughtException: sampleController is not defined
ReferenceError: sampleController is not defined
    at Object.<anonymous> (/projects/expressjs_demo/controllers/index.js:4:5)
    at Module._compile (module.js:624:30)
    at loader (/projects/expressjs_demo/node_modules/babel-register/lib/node.js:144:5)
    at Object.require.extensions.(anonymous function) [as .js] (/projects/expressjs_demo/node_modules/babel-register/lib/node.js:154:7)
    at Module.load (module.js:545:32)
    at tryModuleLoad (module.js:508:12)
    at Function.Module._load (module.js:500:3)
    at Module.require (module.js:568:17)
    at require (internal/module.js:11:18)
    at Object.<anonymous> (/projects/expressjs_demo/routes/sample.route.js:2:1)
[error] 2018-11-13T03:56:10.584Z - uncaughtException: testController is not defined
ReferenceError: testController is not defined
    at Object.<anonymous> (/projects/expressjs_demo/controllers/index.js:4:5)
    at Module._compile (module.js:624:30)
    at loader (/projects/expressjs_demo/node_modules/babel-register/lib/node.js:144:5)
    at Object.require.extensions.(anonymous function) [as .js] (/projects/expressjs_demo/node_modules/babel-register/lib/node.js:154:7)
    at Module.load (module.js:545:32)
    at tryModuleLoad (module.js:508:12)
    at Function.Module._load (module.js:500:3)
    at Module.require (module.js:568:17)
    at require (internal/module.js:11:18)
    at Object.<anonymous> (/projects/expressjs_demo/routes/sample.route.js:2:1)
[error] 2018-11-13T03:56:13.115Z - uncaughtException: Cannot read property 'getAccessToken' of undefined
TypeError: Cannot read property 'getAccessToken' of undefined
    at Object.<anonymous> (/projects/expressjs_demo/routes/sample.route.js:5:17)
    at Module._compile (module.js:624:30)
    at loader (/projects/expressjs_demo/node_modules/babel-register/lib/node.js:144:5)
    at Object.require.extensions.(anonymous function) [as .js] (/projects/expressjs_demo/node_modules/babel-register/lib/node.js:154:7)
    at Module.load (module.js:545:32)
    at tryModuleLoad (module.js:508:12)
    at Function.Module._load (module.js:500:3)
    at Module.require (module.js:568:17)
    at require (internal/module.js:11:18)
    at Object.<anonymous> (/projects/expressjs_demo/routes/index.js:1:1)
[error] 2018-11-13T03:56:13.264Z - uncaughtException: Cannot read property 'getAccessToken' of undefined
TypeError: Cannot read property 'getAccessToken' of undefined
    at Object.<anonymous> (/projects/expressjs_demo/routes/sample.route.js:5:17)
    at Module._compile (module.js:624:30)
    at loader (/projects/expressjs_demo/node_modules/babel-register/lib/node.js:144:5)
    at Object.require.extensions.(anonymous function) [as .js] (/projects/expressjs_demo/node_modules/babel-register/lib/node.js:154:7)
    at Module.load (module.js:545:32)
    at tryModuleLoad (module.js:508:12)
    at Function.Module._load (module.js:500:3)
    at Module.require (module.js:568:17)
    at require (internal/module.js:11:18)
    at Object.<anonymous> (/projects/expressjs_demo/routes/index.js:1:1)
[error] 2018-11-13T03:56:31.861Z - error test
[error] 2018-11-13T05:00:46.066Z - error test
[error] 2018-11-13T05:00:47.128Z - error test
[error] 2018-11-13T05:01:03.897Z - error test
[error] 2018-11-13T05:01:03.906Z - uncaughtException: Cannot read property 'json' of undefined
TypeError: Cannot read property 'json' of undefined
    at new testController (/projects/expressjs_demo/controllers/sample.controller.js:8:5)
    at Object.<anonymous> (/projects/expressjs_demo/controllers/sample.controller.js:3:1)
    at Module._compile (module.js:624:30)
    at loader (/projects/expressjs_demo/node_modules/babel-register/lib/node.js:144:5)
    at Object.require.extensions.(anonymous function) [as .js] (/projects/expressjs_demo/node_modules/babel-register/lib/node.js:154:7)
    at Module.load (module.js:545:32)
    at tryModuleLoad (module.js:508:12)
    at Function.Module._load (module.js:500:3)
    at Module.require (module.js:568:17)
    at require (internal/module.js:11:18)
[error] 2018-11-13T05:01:38.845Z - uncaughtException: Route.get() requires a callback function but got a [object Undefined]
Error: Route.get() requires a callback function but got a [object Undefined]
    at Route.(anonymous function) [as get] (/projects/expressjs_demo/node_modules/express/lib/router/route.js:202:15)
    at Function.proto.(anonymous function) [as get] (/projects/expressjs_demo/node_modules/express/lib/router/index.js:510:19)
    at Object.<anonymous> (/projects/expressjs_demo/routes/sample.route.js:5:8)
    at Module._compile (module.js:624:30)
    at loader (/projects/expressjs_demo/node_modules/babel-register/lib/node.js:144:5)
    at Object.require.extensions.(anonymous function) [as .js] (/projects/expressjs_demo/node_modules/babel-register/lib/node.js:154:7)
    at Module.load (module.js:545:32)
    at tryModuleLoad (module.js:508:12)
    at Function.Module._load (module.js:500:3)
    at Module.require (module.js:568:17)
[error] 2018-11-13T05:01:59.613Z - uncaughtException: Cannot read property 'testController' of undefined
TypeError: Cannot read property 'testController' of undefined
    at Object.<anonymous> (/projects/expressjs_demo/routes/sample.route.js:5:17)
    at Module._compile (module.js:624:30)
    at loader (/projects/expressjs_demo/node_modules/babel-register/lib/node.js:144:5)
    at Object.require.extensions.(anonymous function) [as .js] (/projects/expressjs_demo/node_modules/babel-register/lib/node.js:154:7)
    at Module.load (module.js:545:32)
    at tryModuleLoad (module.js:508:12)
    at Function.Module._load (module.js:500:3)
    at Module.require (module.js:568:17)
    at require (internal/module.js:11:18)
    at Object.<anonymous> (/projects/expressjs_demo/routes/index.js:1:1)
[error] 2018-11-13T05:02:07.373Z - uncaughtException: Cannot read property 'testController' of undefined
TypeError: Cannot read property 'testController' of undefined
    at Object.<anonymous> (/projects/expressjs_demo/routes/sample.route.js:5:17)
    at Module._compile (module.js:624:30)
    at loader (/projects/expressjs_demo/node_modules/babel-register/lib/node.js:144:5)
    at Object.require.extensions.(anonymous function) [as .js] (/projects/expressjs_demo/node_modules/babel-register/lib/node.js:154:7)
    at Module.load (module.js:545:32)
    at tryModuleLoad (module.js:508:12)
    at Function.Module._load (module.js:500:3)
    at Module.require (module.js:568:17)
    at require (internal/module.js:11:18)
    at Object.<anonymous> (/projects/expressjs_demo/routes/index.js:1:1)
[error] 2018-11-13T05:02:14.243Z - uncaughtException: Cannot read property 'testController' of undefined
TypeError: Cannot read property 'testController' of undefined
    at Object.<anonymous> (/projects/expressjs_demo/routes/sample.route.js:5:17)
    at Module._compile (module.js:624:30)
    at loader (/projects/expressjs_demo/node_modules/babel-register/lib/node.js:144:5)
    at Object.require.extensions.(anonymous function) [as .js] (/projects/expressjs_demo/node_modules/babel-register/lib/node.js:154:7)
    at Module.load (module.js:545:32)
    at tryModuleLoad (module.js:508:12)
    at Function.Module._load (module.js:500:3)
    at Module.require (module.js:568:17)
    at require (internal/module.js:11:18)
    at Object.<anonymous> (/projects/expressjs_demo/routes/index.js:1:1)
[error] 2018-11-13T05:02:39.384Z - uncaughtException: Cannot read property 'testController' of undefined
TypeError: Cannot read property 'testController' of undefined
    at Object.<anonymous> (/projects/expressjs_demo/routes/sample.route.js:5:17)
    at Module._compile (module.js:624:30)
    at loader (/projects/expressjs_demo/node_modules/babel-register/lib/node.js:144:5)
    at Object.require.extensions.(anonymous function) [as .js] (/projects/expressjs_demo/node_modules/babel-register/lib/node.js:154:7)
    at Module.load (module.js:545:32)
    at tryModuleLoad (module.js:508:12)
    at Function.Module._load (module.js:500:3)
    at Module.require (module.js:568:17)
    at require (internal/module.js:11:18)
    at Object.<anonymous> (/projects/expressjs_demo/routes/index.js:1:1)
[error] 2018-11-13T05:02:46.909Z - error test
[error] 2018-11-13T05:02:50.558Z - error test
[error] 2018-11-13T05:04:53.520Z - uncaughtException: sampleController is not defined
ReferenceError: sampleController is not defined
    at Object.<anonymous> (/projects/expressjs_demo/controllers/index.js:3:5)
    at Module._compile (module.js:624:30)
    at loader (/projects/expressjs_demo/node_modules/babel-register/lib/node.js:144:5)
    at Object.require.extensions.(anonymous function) [as .js] (/projects/expressjs_demo/node_modules/babel-register/lib/node.js:154:7)
    at Module.load (module.js:545:32)
    at tryModuleLoad (module.js:508:12)
    at Function.Module._load (module.js:500:3)
    at Module.require (module.js:568:17)
    at require (internal/module.js:11:18)
    at Object.<anonymous> (/projects/expressjs_demo/routes/sample.route.js:2:1)
[error] 2018-11-13T05:06:42.919Z - uncaughtException: sampleController is not defined
ReferenceError: sampleController is not defined
    at Object.<anonymous> (/projects/expressjs_demo/controllers/index.js:3:5)
    at Module._compile (module.js:624:30)
    at loader (/projects/expressjs_demo/node_modules/babel-register/lib/node.js:144:5)
    at Object.require.extensions.(anonymous function) [as .js] (/projects/expressjs_demo/node_modules/babel-register/lib/node.js:154:7)
    at Module.load (module.js:545:32)
    at tryModuleLoad (module.js:508:12)
    at Function.Module._load (module.js:500:3)
    at Module.require (module.js:568:17)
    at require (internal/module.js:11:18)
    at Object.<anonymous> (/projects/expressjs_demo/routes/sample.route.js:2:1)
[error] 2018-11-13T05:06:42.919Z - uncaughtException: sampleController is not defined
ReferenceError: sampleController is not defined
    at Object.<anonymous> (/projects/expressjs_demo/controllers/index.js:3:5)
    at Module._compile (module.js:624:30)
    at loader (/projects/expressjs_demo/node_modules/babel-register/lib/node.js:144:5)
    at Object.require.extensions.(anonymous function) [as .js] (/projects/expressjs_demo/node_modules/babel-register/lib/node.js:154:7)
    at Module.load (module.js:545:32)
    at tryModuleLoad (module.js:508:12)
    at Function.Module._load (module.js:500:3)
    at Module.require (module.js:568:17)
    at require (internal/module.js:11:18)
    at Object.<anonymous> (/projects/expressjs_demo/routes/sample.route.js:2:1)
[error] 2018-11-13T05:06:46.043Z - uncaughtException: sampleController is not defined
ReferenceError: sampleController is not defined
    at Object.<anonymous> (/projects/expressjs_demo/controllers/index.js:3:5)
    at Module._compile (module.js:624:30)
    at loader (/projects/expressjs_demo/node_modules/babel-register/lib/node.js:144:5)
    at Object.require.extensions.(anonymous function) [as .js] (/projects/expressjs_demo/node_modules/babel-register/lib/node.js:154:7)
    at Module.load (module.js:545:32)
    at tryModuleLoad (module.js:508:12)
    at Function.Module._load (module.js:500:3)
    at Module.require (module.js:568:17)
    at require (internal/module.js:11:18)
    at Object.<anonymous> (/projects/expressjs_demo/routes/sample.route.js:2:1)
[error] 2018-11-13T05:06:46.179Z - uncaughtException: sampleController is not defined
ReferenceError: sampleController is not defined
    at Object.<anonymous> (/projects/expressjs_demo/controllers/index.js:3:5)
    at Module._compile (module.js:624:30)
    at loader (/projects/expressjs_demo/node_modules/babel-register/lib/node.js:144:5)
    at Object.require.extensions.(anonymous function) [as .js] (/projects/expressjs_demo/node_modules/babel-register/lib/node.js:154:7)
    at Module.load (module.js:545:32)
    at tryModuleLoad (module.js:508:12)
    at Function.Module._load (module.js:500:3)
    at Module.require (module.js:568:17)
    at require (internal/module.js:11:18)
    at Object.<anonymous> (/projects/expressjs_demo/routes/sample.route.js:2:1)
[error] 2018-11-13T05:06:55.637Z - uncaughtException: listen EADDRINUSE 0.0.0.0:4000
Error: listen EADDRINUSE 0.0.0.0:4000
    at Object._errnoException (util.js:1019:11)
    at _exceptionWithHostPort (util.js:1041:20)
    at Server.setupListenHandle [as _listen2] (net.js:1344:14)
    at listenInCluster (net.js:1385:12)
    at doListen (net.js:1494:7)
    at _combinedTickCallback (internal/process/next_tick.js:141:11)
    at process._tickDomainCallback (internal/process/next_tick.js:218:9)
    at Function.Module.runMain (module.js:667:11)
    at Object.<anonymous> (/projects/expressjs_demo/node_modules/babel-cli/lib/_babel-node.js:154:22)
    at Module._compile (module.js:624:30)
[error] 2018-11-13T05:06:55.770Z - uncaughtException: listen EADDRINUSE 0.0.0.0:4000
Error: listen EADDRINUSE 0.0.0.0:4000
    at Object._errnoException (util.js:1019:11)
    at _exceptionWithHostPort (util.js:1041:20)
    at Server.setupListenHandle [as _listen2] (net.js:1344:14)
    at listenInCluster (net.js:1385:12)
    at doListen (net.js:1494:7)
    at _combinedTickCallback (internal/process/next_tick.js:141:11)
    at process._tickDomainCallback (internal/process/next_tick.js:218:9)
    at Function.Module.runMain (module.js:667:11)
    at Object.<anonymous> (/projects/expressjs_demo/node_modules/babel-cli/lib/_babel-node.js:154:22)
    at Module._compile (module.js:624:30)
[error] 2018-11-13T05:07:33.959Z - uncaughtException: listen EADDRINUSE 0.0.0.0:4000
Error: listen EADDRINUSE 0.0.0.0:4000
    at Object._errnoException (util.js:1019:11)
    at _exceptionWithHostPort (util.js:1041:20)
    at Server.setupListenHandle [as _listen2] (net.js:1344:14)
    at listenInCluster (net.js:1385:12)
    at doListen (net.js:1494:7)
    at _combinedTickCallback (internal/process/next_tick.js:141:11)
    at process._tickDomainCallback (internal/process/next_tick.js:218:9)
    at Function.Module.runMain (module.js:667:11)
    at Object.<anonymous> (/projects/expressjs_demo/node_modules/babel-cli/lib/_babel-node.js:154:22)
    at Module._compile (module.js:624:30)
[error] 2018-11-13T05:07:35.216Z - error test
[error] 2018-11-13T05:07:40.187Z - uncaughtException: listen EADDRINUSE 0.0.0.0:4000
Error: listen EADDRINUSE 0.0.0.0:4000
    at Object._errnoException (util.js:1019:11)
    at _exceptionWithHostPort (util.js:1041:20)
    at Server.setupListenHandle [as _listen2] (net.js:1344:14)
    at listenInCluster (net.js:1385:12)
    at doListen (net.js:1494:7)
    at _combinedTickCallback (internal/process/next_tick.js:141:11)
    at process._tickDomainCallback (internal/process/next_tick.js:218:9)
    at Function.Module.runMain (module.js:667:11)
    at Object.<anonymous> (/projects/expressjs_demo/node_modules/babel-cli/lib/_babel-node.js:154:22)
    at Module._compile (module.js:624:30)
[error] 2018-11-13T05:07:45.805Z - uncaughtException: listen EADDRINUSE 0.0.0.0:4000
Error: listen EADDRINUSE 0.0.0.0:4000
    at Object._errnoException (util.js:1019:11)
    at _exceptionWithHostPort (util.js:1041:20)
    at Server.setupListenHandle [as _listen2] (net.js:1344:14)
    at listenInCluster (net.js:1385:12)
    at doListen (net.js:1494:7)
    at _combinedTickCallback (internal/process/next_tick.js:141:11)
    at process._tickDomainCallback (internal/process/next_tick.js:218:9)
    at Function.Module.runMain (module.js:667:11)
    at Object.<anonymous> (/projects/expressjs_demo/node_modules/babel-cli/lib/_babel-node.js:154:22)
    at Module._compile (module.js:624:30)
[error] 2018-11-13T05:07:45.842Z - uncaughtException: listen EADDRINUSE 0.0.0.0:4000
Error: listen EADDRINUSE 0.0.0.0:4000
    at Object._errnoException (util.js:1019:11)
    at _exceptionWithHostPort (util.js:1041:20)
    at Server.setupListenHandle [as _listen2] (net.js:1344:14)
    at listenInCluster (net.js:1385:12)
    at doListen (net.js:1494:7)
    at _combinedTickCallback (internal/process/next_tick.js:141:11)
    at process._tickDomainCallback (internal/process/next_tick.js:218:9)
    at Function.Module.runMain (module.js:667:11)
    at Object.<anonymous> (/projects/expressjs_demo/node_modules/babel-cli/lib/_babel-node.js:154:22)
    at Module._compile (module.js:624:30)
[error] 2018-11-13T05:10:27.188Z - uncaughtException: listen EADDRINUSE 0.0.0.0:4000
Error: listen EADDRINUSE 0.0.0.0:4000
    at Object._errnoException (util.js:1019:11)
    at _exceptionWithHostPort (util.js:1041:20)
    at Server.setupListenHandle [as _listen2] (net.js:1344:14)
    at listenInCluster (net.js:1385:12)
    at doListen (net.js:1494:7)
    at _combinedTickCallback (internal/process/next_tick.js:141:11)
    at process._tickDomainCallback (internal/process/next_tick.js:218:9)
    at Function.Module.runMain (module.js:667:11)
    at Object.<anonymous> (/projects/expressjs_demo/node_modules/babel-cli/lib/_babel-node.js:154:22)
    at Module._compile (module.js:624:30)
[error] 2018-11-13T05:10:27.190Z - uncaughtException: listen EADDRINUSE 0.0.0.0:4000
Error: listen EADDRINUSE 0.0.0.0:4000
    at Object._errnoException (util.js:1019:11)
    at _exceptionWithHostPort (util.js:1041:20)
    at Server.setupListenHandle [as _listen2] (net.js:1344:14)
    at listenInCluster (net.js:1385:12)
    at doListen (net.js:1494:7)
    at _combinedTickCallback (internal/process/next_tick.js:141:11)
    at process._tickDomainCallback (internal/process/next_tick.js:218:9)
    at Function.Module.runMain (module.js:667:11)
    at Object.<anonymous> (/projects/expressjs_demo/node_modules/babel-cli/lib/_babel-node.js:154:22)
    at Module._compile (module.js:624:30)
[error] 2018-11-13T05:10:29.232Z - uncaughtException: listen EADDRINUSE 0.0.0.0:4000
Error: listen EADDRINUSE 0.0.0.0:4000
    at Object._errnoException (util.js:1019:11)
    at _exceptionWithHostPort (util.js:1041:20)
    at Server.setupListenHandle [as _listen2] (net.js:1344:14)
    at listenInCluster (net.js:1385:12)
    at doListen (net.js:1494:7)
    at _combinedTickCallback (internal/process/next_tick.js:141:11)
    at process._tickDomainCallback (internal/process/next_tick.js:218:9)
    at Function.Module.runMain (module.js:667:11)
    at Object.<anonymous> (/projects/expressjs_demo/node_modules/babel-cli/lib/_babel-node.js:154:22)
    at Module._compile (module.js:624:30)
[error] 2018-11-13T05:10:33.949Z - uncaughtException: listen EADDRINUSE 0.0.0.0:4000
Error: listen EADDRINUSE 0.0.0.0:4000
    at Object._errnoException (util.js:1019:11)
    at _exceptionWithHostPort (util.js:1041:20)
    at Server.setupListenHandle [as _listen2] (net.js:1344:14)
    at listenInCluster (net.js:1385:12)
    at doListen (net.js:1494:7)
    at _combinedTickCallback (internal/process/next_tick.js:141:11)
    at process._tickDomainCallback (internal/process/next_tick.js:218:9)
    at Function.Module.runMain (module.js:667:11)
    at Object.<anonymous> (/projects/expressjs_demo/node_modules/babel-cli/lib/_babel-node.js:154:22)
    at Module._compile (module.js:624:30)
[error] 2018-11-13T05:10:34.168Z - uncaughtException: listen EADDRINUSE 0.0.0.0:4000
Error: listen EADDRINUSE 0.0.0.0:4000
    at Object._errnoException (util.js:1019:11)
    at _exceptionWithHostPort (util.js:1041:20)
    at Server.setupListenHandle [as _listen2] (net.js:1344:14)
    at listenInCluster (net.js:1385:12)
    at doListen (net.js:1494:7)
    at _combinedTickCallback (internal/process/next_tick.js:141:11)
    at process._tickDomainCallback (internal/process/next_tick.js:218:9)
    at Function.Module.runMain (module.js:667:11)
    at Object.<anonymous> (/projects/expressjs_demo/node_modules/babel-cli/lib/_babel-node.js:154:22)
    at Module._compile (module.js:624:30)
[error] 2018-11-13T05:11:11.919Z - uncaughtException: listen EADDRINUSE 0.0.0.0:4000
Error: listen EADDRINUSE 0.0.0.0:4000
    at Object._errnoException (util.js:1019:11)
    at _exceptionWithHostPort (util.js:1041:20)
    at Server.setupListenHandle [as _listen2] (net.js:1344:14)
    at listenInCluster (net.js:1385:12)
    at doListen (net.js:1494:7)
    at _combinedTickCallback (internal/process/next_tick.js:141:11)
    at process._tickDomainCallback (internal/process/next_tick.js:218:9)
    at Function.Module.runMain (module.js:667:11)
    at Object.<anonymous> (/projects/expressjs_demo/node_modules/babel-cli/lib/_babel-node.js:154:22)
    at Module._compile (module.js:624:30)
[error] 2018-11-13T05:11:26.720Z - uncaughtException: Cannot read property 'testController' of undefined
TypeError: Cannot read property 'testController' of undefined
    at Object.<anonymous> (/projects/expressjs_demo/routes/sample.route.js:5:17)
    at Module._compile (module.js:624:30)
    at loader (/projects/expressjs_demo/node_modules/babel-register/lib/node.js:144:5)
    at Object.require.extensions.(anonymous function) [as .js] (/projects/expressjs_demo/node_modules/babel-register/lib/node.js:154:7)
    at Module.load (module.js:545:32)
    at tryModuleLoad (module.js:508:12)
    at Function.Module._load (module.js:500:3)
    at Module.require (module.js:568:17)
    at require (internal/module.js:11:18)
    at Object.<anonymous> (/projects/expressjs_demo/routes/index.js:1:1)
[error] 2018-11-13T05:11:43.319Z - uncaughtException: listen EADDRINUSE 0.0.0.0:4000
Error: listen EADDRINUSE 0.0.0.0:4000
    at Object._errnoException (util.js:1019:11)
    at _exceptionWithHostPort (util.js:1041:20)
    at Server.setupListenHandle [as _listen2] (net.js:1344:14)
    at listenInCluster (net.js:1385:12)
    at doListen (net.js:1494:7)
    at _combinedTickCallback (internal/process/next_tick.js:141:11)
    at process._tickDomainCallback (internal/process/next_tick.js:218:9)
    at Function.Module.runMain (module.js:667:11)
    at Object.<anonymous> (/projects/expressjs_demo/node_modules/babel-cli/lib/_babel-node.js:154:22)
    at Module._compile (module.js:624:30)
[error] 2018-11-13T05:11:43.404Z - uncaughtException: listen EADDRINUSE 0.0.0.0:4000
Error: listen EADDRINUSE 0.0.0.0:4000
    at Object._errnoException (util.js:1019:11)
    at _exceptionWithHostPort (util.js:1041:20)
    at Server.setupListenHandle [as _listen2] (net.js:1344:14)
    at listenInCluster (net.js:1385:12)
    at doListen (net.js:1494:7)
    at _combinedTickCallback (internal/process/next_tick.js:141:11)
    at process._tickDomainCallback (internal/process/next_tick.js:218:9)
    at Function.Module.runMain (module.js:667:11)
    at Object.<anonymous> (/projects/expressjs_demo/node_modules/babel-cli/lib/_babel-node.js:154:22)
    at Module._compile (module.js:624:30)
[error] 2018-11-13T05:13:00.782Z - error test
[error] 2018-11-13T05:13:02.078Z - error test
[error] 2018-11-13T05:13:03.131Z - error test
[error] 2018-11-13T05:13:21.714Z - uncaughtException: Router.use() requires a middleware function but got a undefined
TypeError: Router.use() requires a middleware function but got a undefined
    at Function.use (/projects/expressjs_demo/node_modules/express/lib/router/index.js:458:13)
    at Function.<anonymous> (/projects/expressjs_demo/node_modules/express/lib/application.js:220:21)
    at Array.forEach (<anonymous>)
    at Function.use (/projects/expressjs_demo/node_modules/express/lib/application.js:217:7)
    at exports.default (/projects/expressjs_demo/conf/routes.js:3:7)
    at Object.<anonymous> (/projects/expressjs_demo/server.js:20:1)
    at Module._compile (module.js:624:30)
    at loader (/projects/expressjs_demo/node_modules/babel-register/lib/node.js:144:5)
    at Object.require.extensions.(anonymous function) [as .js] (/projects/expressjs_demo/node_modules/babel-register/lib/node.js:154:7)
    at Module.load (module.js:545:32)
[error] 2018-11-13T05:13:47.465Z - uncaughtException: listen EADDRINUSE 0.0.0.0:4000
Error: listen EADDRINUSE 0.0.0.0:4000
    at Object._errnoException (util.js:1019:11)
    at _exceptionWithHostPort (util.js:1041:20)
    at Server.setupListenHandle [as _listen2] (net.js:1344:14)
    at listenInCluster (net.js:1385:12)
    at doListen (net.js:1494:7)
    at _combinedTickCallback (internal/process/next_tick.js:141:11)
    at process._tickDomainCallback (internal/process/next_tick.js:218:9)
    at Function.Module.runMain (module.js:667:11)
    at Object.<anonymous> (/projects/expressjs_demo/node_modules/babel-cli/lib/_babel-node.js:154:22)
    at Module._compile (module.js:624:30)
[error] 2018-11-13T05:13:57.514Z - uncaughtException: listen EADDRINUSE 0.0.0.0:4000
Error: listen EADDRINUSE 0.0.0.0:4000
    at Object._errnoException (util.js:1019:11)
    at _exceptionWithHostPort (util.js:1041:20)
    at Server.setupListenHandle [as _listen2] (net.js:1344:14)
    at listenInCluster (net.js:1385:12)
    at doListen (net.js:1494:7)
    at _combinedTickCallback (internal/process/next_tick.js:141:11)
    at process._tickDomainCallback (internal/process/next_tick.js:218:9)
    at Function.Module.runMain (module.js:667:11)
    at Object.<anonymous> (/projects/expressjs_demo/node_modules/babel-cli/lib/_babel-node.js:154:22)
    at Module._compile (module.js:624:30)
[error] 2018-11-13T05:15:20.112Z - uncaughtException: listen EADDRINUSE 0.0.0.0:4000
Error: listen EADDRINUSE 0.0.0.0:4000
    at Object._errnoException (util.js:1019:11)
    at _exceptionWithHostPort (util.js:1041:20)
    at Server.setupListenHandle [as _listen2] (net.js:1344:14)
    at listenInCluster (net.js:1385:12)
    at doListen (net.js:1494:7)
    at _combinedTickCallback (internal/process/next_tick.js:141:11)
    at process._tickDomainCallback (internal/process/next_tick.js:218:9)
    at Function.Module.runMain (module.js:667:11)
    at Object.<anonymous> (/projects/expressjs_demo/node_modules/babel-cli/lib/_babel-node.js:154:22)
    at Module._compile (module.js:624:30)
[error] 2018-11-13T05:15:22.491Z - uncaughtException: listen EADDRINUSE 0.0.0.0:4000
Error: listen EADDRINUSE 0.0.0.0:4000
    at Object._errnoException (util.js:1019:11)
    at _exceptionWithHostPort (util.js:1041:20)
    at Server.setupListenHandle [as _listen2] (net.js:1344:14)
    at listenInCluster (net.js:1385:12)
    at doListen (net.js:1494:7)
    at _combinedTickCallback (internal/process/next_tick.js:141:11)
    at process._tickDomainCallback (internal/process/next_tick.js:218:9)
    at Function.Module.runMain (module.js:667:11)
    at Object.<anonymous> (/projects/expressjs_demo/node_modules/babel-cli/lib/_babel-node.js:154:22)
    at Module._compile (module.js:624:30)
[error] 2018-11-13T05:15:24.316Z - error test
[error] 2018-11-13T05:15:25.403Z - error test
[error] 2018-11-13T05:15:26.275Z - error test
[error] 2018-11-13T05:15:27.111Z - error test
[error] 2018-11-13T05:15:27.810Z - error test
[error] 2018-11-13T05:15:28.229Z - error test
[error] 2018-11-13T05:15:35.147Z - error test
[error] 2018-11-13T05:15:36.110Z - error test
[error] 2018-11-13T05:15:36.967Z - error test
[error] 2018-11-13T05:15:37.735Z - error test
[error] 2018-11-13T05:15:52.296Z - error test
[error] 2018-11-13T05:15:54.523Z - error test
[error] 2018-11-13T05:16:40.236Z - error test
[error] 2018-11-13T05:16:41.380Z - error test
[error] 2018-11-13T05:16:42.693Z - error test
[error] 2018-11-13T05:16:43.600Z - error test
[error] 2018-11-13T05:16:44.181Z - error test
[error] 2018-11-13T05:16:44.686Z - error test
[error] 2018-11-13T05:16:45.164Z - error test
[error] 2018-11-13T05:17:21.078Z - error test
[error] 2018-11-13T06:37:29.967Z - error test
[error] 2018-11-13T06:38:18.481Z - error test
[error] 2018-11-13T06:39:07.152Z - error test
[error] 2018-11-13T06:39:08.049Z - error test
[error] 2018-11-13T06:39:08.933Z - error test
[error] 2018-11-13T06:48:26.465Z - uncaughtException: listen EADDRINUSE 0.0.0.0:4000
Error: listen EADDRINUSE 0.0.0.0:4000
    at Object._errnoException (util.js:1019:11)
    at _exceptionWithHostPort (util.js:1041:20)
    at Server.setupListenHandle [as _listen2] (net.js:1344:14)
    at listenInCluster (net.js:1385:12)
    at doListen (net.js:1494:7)
    at _combinedTickCallback (internal/process/next_tick.js:141:11)
    at process._tickDomainCallback (internal/process/next_tick.js:218:9)
    at Function.Module.runMain (module.js:667:11)
    at Object.<anonymous> (/projects/expressjs_demo/node_modules/babel-cli/lib/_babel-node.js:154:22)
    at Module._compile (module.js:624:30)
[error] 2018-11-13T06:53:53.385Z - uncaughtException: listen EADDRINUSE 0.0.0.0:4000
Error: listen EADDRINUSE 0.0.0.0:4000
    at Object._errnoException (util.js:1019:11)
    at _exceptionWithHostPort (util.js:1041:20)
    at Server.setupListenHandle [as _listen2] (net.js:1344:14)
    at listenInCluster (net.js:1385:12)
    at doListen (net.js:1494:7)
    at _combinedTickCallback (internal/process/next_tick.js:141:11)
    at process._tickDomainCallback (internal/process/next_tick.js:218:9)
    at Function.Module.runMain (module.js:667:11)
    at Object.<anonymous> (/projects/expressjs_demo/node_modules/babel-cli/lib/_babel-node.js:154:22)
    at Module._compile (module.js:624:30)
[error] 2018-11-13T08:06:52.441Z - error test
[error] 2018-11-13T08:06:53.893Z - error test
[error] 2018-11-13T08:06:59.003Z - error test
[error] 2018-11-13T08:07:14.763Z - error test
[error] 2018-11-13T08:07:15.982Z - error test
[error] 2018-11-13T08:07:26.636Z - error test
[error] 2018-11-13T08:07:27.465Z - error test
[error] 2018-11-13T08:07:46.794Z - error test
[error] 2018-11-13T08:07:47.774Z - error test
[error] 2018-11-13T08:07:48.413Z - error test
[error] 2018-11-13T08:07:48.814Z - error test
[error] 2018-11-13T08:07:49.250Z - error test
[error] 2018-11-13T08:07:49.679Z - error test
[error] 2018-11-13T08:07:50.079Z - error test
[error] 2018-11-13T08:07:52.953Z - error test
[error] 2018-11-13T08:07:53.470Z - error test
[error] 2018-11-13T08:07:53.865Z - error test
[error] 2018-11-13T08:08:04.746Z - error test
[error] 2018-11-13T08:08:06.367Z - error test
[error] 2018-11-13T08:09:51.422Z - error test
[error] 2018-11-13T08:09:52.455Z - error test
[error] 2018-11-13T08:09:59.756Z - error test
[error] 2018-11-13T08:10:00.805Z - error test
[error] 2018-11-13T08:10:01.351Z - error test
[error] 2018-11-13T08:10:01.736Z - error test
[error] 2018-11-13T08:10:02.103Z - error test
[error] 2018-11-13T08:10:02.390Z - error test
[error] 2018-11-13T08:10:02.739Z - error test
[error] 2018-11-13T08:10:04.523Z - error test
[error] 2018-11-13T08:10:05.239Z - error test
[error] 2018-11-13T08:10:05.895Z - error test
[error] 2018-11-13T08:10:09.131Z - error test
[error] 2018-11-13T08:22:18.220Z - uncaughtException: "listener" argument must be a function
TypeError: "listener" argument must be a function
    at _addListener (events.js:238:11)
    at Server.addListener (events.js:298:10)
    at Object.<anonymous> (/projects/expressjs_demo/server.js:29:4)
    at Module._compile (module.js:624:30)
    at loader (/projects/expressjs_demo/node_modules/babel-register/lib/node.js:144:5)
    at Object.require.extensions.(anonymous function) [as .js] (/projects/expressjs_demo/node_modules/babel-register/lib/node.js:154:7)
    at Module.load (module.js:545:32)
    at tryModuleLoad (module.js:508:12)
    at Function.Module._load (module.js:500:3)
    at Function.Module.runMain (module.js:665:10)
[error] 2018-11-13T08:22:32.171Z - error test
[error] 2018-11-13T08:22:45.586Z - uncaughtException: "listener" argument must be a function
TypeError: "listener" argument must be a function
    at _addListener (events.js:238:11)
    at Server.addListener (events.js:298:10)
    at Object.<anonymous> (/projects/expressjs_demo/server.js:29:4)
    at Module._compile (module.js:624:30)
    at loader (/projects/expressjs_demo/node_modules/babel-register/lib/node.js:144:5)
    at Object.require.extensions.(anonymous function) [as .js] (/projects/expressjs_demo/node_modules/babel-register/lib/node.js:154:7)
    at Module.load (module.js:545:32)
    at tryModuleLoad (module.js:508:12)
    at Function.Module._load (module.js:500:3)
    at Function.Module.runMain (module.js:665:10)
[error] 2018-11-13T08:24:29.702Z - uncaughtException: "listener" argument must be a function
TypeError: "listener" argument must be a function
    at _addListener (events.js:238:11)
    at Server.addListener (events.js:298:10)
    at Object.<anonymous> (/projects/expressjs_demo/server.js:29:4)
    at Module._compile (module.js:624:30)
    at loader (/projects/expressjs_demo/node_modules/babel-register/lib/node.js:144:5)
    at Object.require.extensions.(anonymous function) [as .js] (/projects/expressjs_demo/node_modules/babel-register/lib/node.js:154:7)
    at Module.load (module.js:545:32)
    at tryModuleLoad (module.js:508:12)
    at Function.Module._load (module.js:500:3)
    at Function.Module.runMain (module.js:665:10)
[error] 2018-11-13T08:25:37.315Z - uncaughtException: "listener" argument must be a function
TypeError: "listener" argument must be a function
    at _addListener (events.js:238:11)
    at Server.addListener (events.js:298:10)
    at Object.<anonymous> (/projects/expressjs_demo/server.js:29:4)
    at Module._compile (module.js:624:30)
    at loader (/projects/expressjs_demo/node_modules/babel-register/lib/node.js:144:5)
    at Object.require.extensions.(anonymous function) [as .js] (/projects/expressjs_demo/node_modules/babel-register/lib/node.js:154:7)
    at Module.load (module.js:545:32)
    at tryModuleLoad (module.js:508:12)
    at Function.Module._load (module.js:500:3)
    at Function.Module.runMain (module.js:665:10)
[error] 2018-11-13T08:25:45.443Z - uncaughtException: "listener" argument must be a function
TypeError: "listener" argument must be a function
    at _addListener (events.js:238:11)
    at Server.addListener (events.js:298:10)
    at Object.<anonymous> (/projects/expressjs_demo/server.js:29:4)
    at Module._compile (module.js:624:30)
    at loader (/projects/expressjs_demo/node_modules/babel-register/lib/node.js:144:5)
    at Object.require.extensions.(anonymous function) [as .js] (/projects/expressjs_demo/node_modules/babel-register/lib/node.js:154:7)
    at Module.load (module.js:545:32)
    at tryModuleLoad (module.js:508:12)
    at Function.Module._load (module.js:500:3)
    at Function.Module.runMain (module.js:665:10)
[error] 2018-11-13T08:26:11.031Z - uncaughtException: "listener" argument must be a function
TypeError: "listener" argument must be a function
    at _addListener (events.js:238:11)
    at Server.addListener (events.js:298:10)
    at Object.<anonymous> (/projects/expressjs_demo/server.js:29:4)
    at Module._compile (module.js:624:30)
    at loader (/projects/expressjs_demo/node_modules/babel-register/lib/node.js:144:5)
    at Object.require.extensions.(anonymous function) [as .js] (/projects/expressjs_demo/node_modules/babel-register/lib/node.js:154:7)
    at Module.load (module.js:545:32)
    at tryModuleLoad (module.js:508:12)
    at Function.Module._load (module.js:500:3)
    at Function.Module.runMain (module.js:665:10)
[error] 2018-11-13T08:26:11.057Z - uncaughtException: listen EADDRINUSE 0.0.0.0:4000
Error: listen EADDRINUSE 0.0.0.0:4000
    at Object._errnoException (util.js:1019:11)
    at _exceptionWithHostPort (util.js:1041:20)
    at Server.setupListenHandle [as _listen2] (net.js:1344:14)
    at listenInCluster (net.js:1385:12)
    at doListen (net.js:1494:7)
    at _combinedTickCallback (internal/process/next_tick.js:141:11)
    at process._tickDomainCallback (internal/process/next_tick.js:218:9)
[error] 2018-11-13T08:26:52.985Z - uncaughtException: "listener" argument must be a function
TypeError: "listener" argument must be a function
    at _addListener (events.js:238:11)
    at Server.addListener (events.js:298:10)
    at Object.<anonymous> (/projects/expressjs_demo/server.js:29:4)
    at Module._compile (module.js:624:30)
    at loader (/projects/expressjs_demo/node_modules/babel-register/lib/node.js:144:5)
    at Object.require.extensions.(anonymous function) [as .js] (/projects/expressjs_demo/node_modules/babel-register/lib/node.js:154:7)
    at Module.load (module.js:545:32)
    at tryModuleLoad (module.js:508:12)
    at Function.Module._load (module.js:500:3)
    at Function.Module.runMain (module.js:665:10)
[error] 2018-11-13T08:26:52.985Z - uncaughtException: "listener" argument must be a function
TypeError: "listener" argument must be a function
    at _addListener (events.js:238:11)
    at Server.addListener (events.js:298:10)
    at Object.<anonymous> (/projects/expressjs_demo/server.js:29:4)
    at Module._compile (module.js:624:30)
    at loader (/projects/expressjs_demo/node_modules/babel-register/lib/node.js:144:5)
    at Object.require.extensions.(anonymous function) [as .js] (/projects/expressjs_demo/node_modules/babel-register/lib/node.js:154:7)
    at Module.load (module.js:545:32)
    at tryModuleLoad (module.js:508:12)
    at Function.Module._load (module.js:500:3)
    at Function.Module.runMain (module.js:665:10)
[error] 2018-11-13T08:26:53.004Z - uncaughtException: listen EADDRINUSE 0.0.0.0:4000
Error: listen EADDRINUSE 0.0.0.0:4000
    at Object._errnoException (util.js:1019:11)
    at _exceptionWithHostPort (util.js:1041:20)
    at Server.setupListenHandle [as _listen2] (net.js:1344:14)
    at listenInCluster (net.js:1385:12)
    at doListen (net.js:1494:7)
    at _combinedTickCallback (internal/process/next_tick.js:141:11)
    at process._tickDomainCallback (internal/process/next_tick.js:218:9)
[error] 2018-11-13T08:27:27.627Z - uncaughtException: "listener" argument must be a function
TypeError: "listener" argument must be a function
    at _addListener (events.js:238:11)
    at Server.addListener (events.js:298:10)
    at Object.<anonymous> (/projects/expressjs_demo/server.js:29:4)
    at Module._compile (module.js:624:30)
    at loader (/projects/expressjs_demo/node_modules/babel-register/lib/node.js:144:5)
    at Object.require.extensions.(anonymous function) [as .js] (/projects/expressjs_demo/node_modules/babel-register/lib/node.js:154:7)
    at Module.load (module.js:545:32)
    at tryModuleLoad (module.js:508:12)
    at Function.Module._load (module.js:500:3)
    at Function.Module.runMain (module.js:665:10)
[error] 2018-11-13T08:27:27.662Z - uncaughtException: "listener" argument must be a function
TypeError: "listener" argument must be a function
    at _addListener (events.js:238:11)
    at Server.addListener (events.js:298:10)
    at Object.<anonymous> (/projects/expressjs_demo/server.js:29:4)
    at Module._compile (module.js:624:30)
    at loader (/projects/expressjs_demo/node_modules/babel-register/lib/node.js:144:5)
    at Object.require.extensions.(anonymous function) [as .js] (/projects/expressjs_demo/node_modules/babel-register/lib/node.js:154:7)
    at Module.load (module.js:545:32)
    at tryModuleLoad (module.js:508:12)
    at Function.Module._load (module.js:500:3)
    at Function.Module.runMain (module.js:665:10)
[error] 2018-11-13T08:27:27.677Z - uncaughtException: listen EADDRINUSE 0.0.0.0:4000
Error: listen EADDRINUSE 0.0.0.0:4000
    at Object._errnoException (util.js:1019:11)
    at _exceptionWithHostPort (util.js:1041:20)
    at Server.setupListenHandle [as _listen2] (net.js:1344:14)
    at listenInCluster (net.js:1385:12)
    at doListen (net.js:1494:7)
    at _combinedTickCallback (internal/process/next_tick.js:141:11)
    at process._tickDomainCallback (internal/process/next_tick.js:218:9)
[error] 2018-11-13T08:27:32.679Z - uncaughtException: "listener" argument must be a function
TypeError: "listener" argument must be a function
    at _addListener (events.js:238:11)
    at Server.addListener (events.js:298:10)
    at Object.<anonymous> (/projects/expressjs_demo/server.js:29:4)
    at Module._compile (module.js:624:30)
    at loader (/projects/expressjs_demo/node_modules/babel-register/lib/node.js:144:5)
    at Object.require.extensions.(anonymous function) [as .js] (/projects/expressjs_demo/node_modules/babel-register/lib/node.js:154:7)
    at Module.load (module.js:545:32)
    at tryModuleLoad (module.js:508:12)
    at Function.Module._load (module.js:500:3)
    at Function.Module.runMain (module.js:665:10)
[error] 2018-11-13T08:27:32.728Z - uncaughtException: "listener" argument must be a function
TypeError: "listener" argument must be a function
    at _addListener (events.js:238:11)
    at Server.addListener (events.js:298:10)
    at Object.<anonymous> (/projects/expressjs_demo/server.js:29:4)
    at Module._compile (module.js:624:30)
    at loader (/projects/expressjs_demo/node_modules/babel-register/lib/node.js:144:5)
    at Object.require.extensions.(anonymous function) [as .js] (/projects/expressjs_demo/node_modules/babel-register/lib/node.js:154:7)
    at Module.load (module.js:545:32)
    at tryModuleLoad (module.js:508:12)
    at Function.Module._load (module.js:500:3)
    at Function.Module.runMain (module.js:665:10)
[error] 2018-11-13T08:27:32.750Z - uncaughtException: listen EADDRINUSE 0.0.0.0:4000
Error: listen EADDRINUSE 0.0.0.0:4000
    at Object._errnoException (util.js:1019:11)
    at _exceptionWithHostPort (util.js:1041:20)
    at Server.setupListenHandle [as _listen2] (net.js:1344:14)
    at listenInCluster (net.js:1385:12)
    at doListen (net.js:1494:7)
    at _combinedTickCallback (internal/process/next_tick.js:141:11)
    at process._tickDomainCallback (internal/process/next_tick.js:218:9)
[error] 2018-11-13T08:27:38.863Z - uncaughtException: "listener" argument must be a function
TypeError: "listener" argument must be a function
    at _addListener (events.js:238:11)
    at Server.addListener (events.js:298:10)
    at Object.<anonymous> (/projects/expressjs_demo/server.js:29:4)
    at Module._compile (module.js:624:30)
    at loader (/projects/expressjs_demo/node_modules/babel-register/lib/node.js:144:5)
    at Object.require.extensions.(anonymous function) [as .js] (/projects/expressjs_demo/node_modules/babel-register/lib/node.js:154:7)
    at Module.load (module.js:545:32)
    at tryModuleLoad (module.js:508:12)
    at Function.Module._load (module.js:500:3)
    at Function.Module.runMain (module.js:665:10)
[error] 2018-11-13T08:27:38.927Z - uncaughtException: "listener" argument must be a function
TypeError: "listener" argument must be a function
    at _addListener (events.js:238:11)
    at Server.addListener (events.js:298:10)
    at Object.<anonymous> (/projects/expressjs_demo/server.js:29:4)
    at Module._compile (module.js:624:30)
    at loader (/projects/expressjs_demo/node_modules/babel-register/lib/node.js:144:5)
    at Object.require.extensions.(anonymous function) [as .js] (/projects/expressjs_demo/node_modules/babel-register/lib/node.js:154:7)
    at Module.load (module.js:545:32)
    at tryModuleLoad (module.js:508:12)
    at Function.Module._load (module.js:500:3)
    at Function.Module.runMain (module.js:665:10)
[error] 2018-11-13T08:27:38.942Z - uncaughtException: listen EADDRINUSE 0.0.0.0:4000
Error: listen EADDRINUSE 0.0.0.0:4000
    at Object._errnoException (util.js:1019:11)
    at _exceptionWithHostPort (util.js:1041:20)
    at Server.setupListenHandle [as _listen2] (net.js:1344:14)
    at listenInCluster (net.js:1385:12)
    at doListen (net.js:1494:7)
    at _combinedTickCallback (internal/process/next_tick.js:141:11)
    at process._tickDomainCallback (internal/process/next_tick.js:218:9)
[error] 2018-11-13T08:27:44.735Z - uncaughtException: "listener" argument must be a function
TypeError: "listener" argument must be a function
    at _addListener (events.js:238:11)
    at Server.addListener (events.js:298:10)
    at Object.<anonymous> (/projects/expressjs_demo/server.js:29:4)
    at Module._compile (module.js:624:30)
    at loader (/projects/expressjs_demo/node_modules/babel-register/lib/node.js:144:5)
    at Object.require.extensions.(anonymous function) [as .js] (/projects/expressjs_demo/node_modules/babel-register/lib/node.js:154:7)
    at Module.load (module.js:545:32)
    at tryModuleLoad (module.js:508:12)
    at Function.Module._load (module.js:500:3)
    at Function.Module.runMain (module.js:665:10)
[error] 2018-11-13T08:27:44.775Z - uncaughtException: "listener" argument must be a function
TypeError: "listener" argument must be a function
    at _addListener (events.js:238:11)
    at Server.addListener (events.js:298:10)
    at Object.<anonymous> (/projects/expressjs_demo/server.js:29:4)
    at Module._compile (module.js:624:30)
    at loader (/projects/expressjs_demo/node_modules/babel-register/lib/node.js:144:5)
    at Object.require.extensions.(anonymous function) [as .js] (/projects/expressjs_demo/node_modules/babel-register/lib/node.js:154:7)
    at Module.load (module.js:545:32)
    at tryModuleLoad (module.js:508:12)
    at Function.Module._load (module.js:500:3)
    at Function.Module.runMain (module.js:665:10)
[error] 2018-11-13T08:27:44.791Z - uncaughtException: listen EADDRINUSE 0.0.0.0:4000
Error: listen EADDRINUSE 0.0.0.0:4000
    at Object._errnoException (util.js:1019:11)
    at _exceptionWithHostPort (util.js:1041:20)
    at Server.setupListenHandle [as _listen2] (net.js:1344:14)
    at listenInCluster (net.js:1385:12)
    at doListen (net.js:1494:7)
    at _combinedTickCallback (internal/process/next_tick.js:141:11)
    at process._tickDomainCallback (internal/process/next_tick.js:218:9)
[error] 2018-11-13T08:28:47.302Z - uncaughtException: "listener" argument must be a function
TypeError: "listener" argument must be a function
    at _addListener (events.js:238:11)
    at Server.addListener (events.js:298:10)
    at Object.<anonymous> (/projects/expressjs_demo/server.js:31:4)
    at Module._compile (module.js:624:30)
    at loader (/projects/expressjs_demo/node_modules/babel-register/lib/node.js:144:5)
    at Object.require.extensions.(anonymous function) [as .js] (/projects/expressjs_demo/node_modules/babel-register/lib/node.js:154:7)
    at Module.load (module.js:545:32)
    at tryModuleLoad (module.js:508:12)
    at Function.Module._load (module.js:500:3)
    at Function.Module.runMain (module.js:665:10)
[error] 2018-11-13T08:28:47.309Z - uncaughtException: "listener" argument must be a function
TypeError: "listener" argument must be a function
    at _addListener (events.js:238:11)
    at Server.addListener (events.js:298:10)
    at Object.<anonymous> (/projects/expressjs_demo/server.js:31:4)
    at Module._compile (module.js:624:30)
    at loader (/projects/expressjs_demo/node_modules/babel-register/lib/node.js:144:5)
    at Object.require.extensions.(anonymous function) [as .js] (/projects/expressjs_demo/node_modules/babel-register/lib/node.js:154:7)
    at Module.load (module.js:545:32)
    at tryModuleLoad (module.js:508:12)
    at Function.Module._load (module.js:500:3)
    at Function.Module.runMain (module.js:665:10)
[error] 2018-11-13T08:28:47.341Z - uncaughtException: listen EADDRINUSE 0.0.0.0:4000
Error: listen EADDRINUSE 0.0.0.0:4000
    at Object._errnoException (util.js:1019:11)
    at _exceptionWithHostPort (util.js:1041:20)
    at Server.setupListenHandle [as _listen2] (net.js:1344:14)
    at listenInCluster (net.js:1385:12)
    at doListen (net.js:1494:7)
    at _combinedTickCallback (internal/process/next_tick.js:141:11)
    at process._tickDomainCallback (internal/process/next_tick.js:218:9)
[error] 2018-11-13T08:28:55.468Z - uncaughtException: "listener" argument must be a function
TypeError: "listener" argument must be a function
    at _addListener (events.js:238:11)
    at Server.addListener (events.js:298:10)
    at Object.<anonymous> (/projects/expressjs_demo/server.js:31:4)
    at Module._compile (module.js:624:30)
    at loader (/projects/expressjs_demo/node_modules/babel-register/lib/node.js:144:5)
    at Object.require.extensions.(anonymous function) [as .js] (/projects/expressjs_demo/node_modules/babel-register/lib/node.js:154:7)
    at Module.load (module.js:545:32)
    at tryModuleLoad (module.js:508:12)
    at Function.Module._load (module.js:500:3)
    at Function.Module.runMain (module.js:665:10)
[error] 2018-11-13T08:30:26.525Z - uncaughtException: "listener" argument must be a function
TypeError: "listener" argument must be a function
    at _addListener (events.js:238:11)
    at Server.addListener (events.js:298:10)
    at Object.<anonymous> (/projects/expressjs_demo/server.js:31:4)
    at Module._compile (module.js:624:30)
    at loader (/projects/expressjs_demo/node_modules/babel-register/lib/node.js:144:5)
    at Object.require.extensions.(anonymous function) [as .js] (/projects/expressjs_demo/node_modules/babel-register/lib/node.js:154:7)
    at Module.load (module.js:545:32)
    at tryModuleLoad (module.js:508:12)
    at Function.Module._load (module.js:500:3)
    at Function.Module.runMain (module.js:665:10)
[error] 2018-11-13T08:34:47.413Z - uncaughtException: "listener" argument must be a function
TypeError: "listener" argument must be a function
    at _addListener (events.js:238:11)
    at Server.addListener (events.js:298:10)
    at Object.<anonymous> (/projects/expressjs_demo/server.js:31:4)
    at Module._compile (module.js:624:30)
    at loader (/projects/expressjs_demo/node_modules/babel-register/lib/node.js:144:5)
    at Object.require.extensions.(anonymous function) [as .js] (/projects/expressjs_demo/node_modules/babel-register/lib/node.js:154:7)
    at Module.load (module.js:545:32)
    at tryModuleLoad (module.js:508:12)
    at Function.Module._load (module.js:500:3)
    at Function.Module.runMain (module.js:665:10)
[error] 2018-11-13T08:35:03.630Z - uncaughtException: "listener" argument must be a function
TypeError: "listener" argument must be a function
    at _addListener (events.js:238:11)
    at Server.addListener (events.js:298:10)
    at Object.<anonymous> (/projects/expressjs_demo/server.js:31:4)
    at Module._compile (module.js:624:30)
    at loader (/projects/expressjs_demo/node_modules/babel-register/lib/node.js:144:5)
    at Object.require.extensions.(anonymous function) [as .js] (/projects/expressjs_demo/node_modules/babel-register/lib/node.js:154:7)
    at Module.load (module.js:545:32)
    at tryModuleLoad (module.js:508:12)
    at Function.Module._load (module.js:500:3)
    at Function.Module.runMain (module.js:665:10)
[error] 2018-11-13T08:37:04.928Z - uncaughtException: "listener" argument must be a function
TypeError: "listener" argument must be a function
    at _addListener (events.js:238:11)
    at Server.addListener (events.js:298:10)
    at Object.<anonymous> (/projects/expressjs_demo/server.js:31:4)
    at Module._compile (module.js:624:30)
    at loader (/projects/expressjs_demo/node_modules/babel-register/lib/node.js:144:5)
    at Object.require.extensions.(anonymous function) [as .js] (/projects/expressjs_demo/node_modules/babel-register/lib/node.js:154:7)
    at Module.load (module.js:545:32)
    at tryModuleLoad (module.js:508:12)
    at Function.Module._load (module.js:500:3)
    at Function.Module.runMain (module.js:665:10)
[error] 2018-11-13T08:37:55.065Z - uncaughtException: "listener" argument must be a function
TypeError: "listener" argument must be a function
    at _addListener (events.js:238:11)
    at Server.addListener (events.js:298:10)
    at Object.<anonymous> (/projects/expressjs_demo/server.js:31:4)
    at Module._compile (module.js:624:30)
    at loader (/projects/expressjs_demo/node_modules/babel-register/lib/node.js:144:5)
    at Object.require.extensions.(anonymous function) [as .js] (/projects/expressjs_demo/node_modules/babel-register/lib/node.js:154:7)
    at Module.load (module.js:545:32)
    at tryModuleLoad (module.js:508:12)
    at Function.Module._load (module.js:500:3)
    at Function.Module.runMain (module.js:665:10)
[error] 2018-11-13T08:38:43.258Z - uncaughtException: "listener" argument must be a function
TypeError: "listener" argument must be a function
    at _addListener (events.js:238:11)
    at Server.addListener (events.js:298:10)
    at Object.<anonymous> (/projects/expressjs_demo/server.js:31:4)
    at Module._compile (module.js:624:30)
    at loader (/projects/expressjs_demo/node_modules/babel-register/lib/node.js:144:5)
    at Object.require.extensions.(anonymous function) [as .js] (/projects/expressjs_demo/node_modules/babel-register/lib/node.js:154:7)
    at Module.load (module.js:545:32)
    at tryModuleLoad (module.js:508:12)
    at Function.Module._load (module.js:500:3)
    at Function.Module.runMain (module.js:665:10)
[error] 2018-11-13T08:40:41.619Z - uncaughtException: "listener" argument must be a function
TypeError: "listener" argument must be a function
    at _addListener (events.js:238:11)
    at Server.addListener (events.js:298:10)
    at Object.<anonymous> (/projects/expressjs_demo/server.js:31:4)
    at Module._compile (module.js:624:30)
    at loader (/projects/expressjs_demo/node_modules/babel-register/lib/node.js:144:5)
    at Object.require.extensions.(anonymous function) [as .js] (/projects/expressjs_demo/node_modules/babel-register/lib/node.js:154:7)
    at Module.load (module.js:545:32)
    at tryModuleLoad (module.js:508:12)
    at Function.Module._load (module.js:500:3)
    at Function.Module.runMain (module.js:665:10)
[error] 2018-11-13T08:41:01.562Z - uncaughtException: "listener" argument must be a function
TypeError: "listener" argument must be a function
    at _addListener (events.js:238:11)
    at Server.addListener (events.js:298:10)
    at Object.<anonymous> (/projects/expressjs_demo/server.js:31:4)
    at Module._compile (module.js:624:30)
    at loader (/projects/expressjs_demo/node_modules/babel-register/lib/node.js:144:5)
    at Object.require.extensions.(anonymous function) [as .js] (/projects/expressjs_demo/node_modules/babel-register/lib/node.js:154:7)
    at Module.load (module.js:545:32)
    at tryModuleLoad (module.js:508:12)
    at Function.Module._load (module.js:500:3)
    at Function.Module.runMain (module.js:665:10)
[error] 2018-11-13T08:41:20.840Z - uncaughtException: "listener" argument must be a function
TypeError: "listener" argument must be a function
    at _addListener (events.js:238:11)
    at Server.addListener (events.js:298:10)
    at Object.<anonymous> (/projects/expressjs_demo/server.js:31:4)
    at Module._compile (module.js:624:30)
    at loader (/projects/expressjs_demo/node_modules/babel-register/lib/node.js:144:5)
    at Object.require.extensions.(anonymous function) [as .js] (/projects/expressjs_demo/node_modules/babel-register/lib/node.js:154:7)
    at Module.load (module.js:545:32)
    at tryModuleLoad (module.js:508:12)
    at Function.Module._load (module.js:500:3)
    at Function.Module.runMain (module.js:665:10)
[error] 2018-11-13T08:47:28.760Z - uncaughtException: "listener" argument must be a function
TypeError: "listener" argument must be a function
    at _addListener (events.js:238:11)
    at Server.addListener (events.js:298:10)
    at Object.<anonymous> (/projects/expressjs_demo/server.js:31:4)
    at Module._compile (module.js:624:30)
    at loader (/projects/expressjs_demo/node_modules/babel-register/lib/node.js:144:5)
    at Object.require.extensions.(anonymous function) [as .js] (/projects/expressjs_demo/node_modules/babel-register/lib/node.js:154:7)
    at Module.load (module.js:545:32)
    at tryModuleLoad (module.js:508:12)
    at Function.Module._load (module.js:500:3)
    at Function.Module.runMain (module.js:665:10)
[error] 2018-11-13T08:47:34.476Z - uncaughtException: "listener" argument must be a function
TypeError: "listener" argument must be a function
    at _addListener (events.js:238:11)
    at Server.addListener (events.js:298:10)
    at Object.<anonymous> (/projects/expressjs_demo/server.js:31:4)
    at Module._compile (module.js:624:30)
    at loader (/projects/expressjs_demo/node_modules/babel-register/lib/node.js:144:5)
    at Object.require.extensions.(anonymous function) [as .js] (/projects/expressjs_demo/node_modules/babel-register/lib/node.js:154:7)
    at Module.load (module.js:545:32)
    at tryModuleLoad (module.js:508:12)
    at Function.Module._load (module.js:500:3)
    at Function.Module.runMain (module.js:665:10)
[error] 2018-11-13T08:47:37.709Z - uncaughtException: "listener" argument must be a function
TypeError: "listener" argument must be a function
    at _addListener (events.js:238:11)
    at Server.addListener (events.js:298:10)
    at Object.<anonymous> (/projects/expressjs_demo/server.js:31:4)
    at Module._compile (module.js:624:30)
    at loader (/projects/expressjs_demo/node_modules/babel-register/lib/node.js:144:5)
    at Object.require.extensions.(anonymous function) [as .js] (/projects/expressjs_demo/node_modules/babel-register/lib/node.js:154:7)
    at Module.load (module.js:545:32)
    at tryModuleLoad (module.js:508:12)
    at Function.Module._load (module.js:500:3)
    at Function.Module.runMain (module.js:665:10)
[error] 2018-11-13T08:49:10.893Z - uncaughtException: "listener" argument must be a function
TypeError: "listener" argument must be a function
    at _addListener (events.js:238:11)
    at Server.addListener (events.js:298:10)
    at Object.<anonymous> (/projects/expressjs_demo/server.js:31:4)
    at Module._compile (module.js:624:30)
    at loader (/projects/expressjs_demo/node_modules/babel-register/lib/node.js:144:5)
    at Object.require.extensions.(anonymous function) [as .js] (/projects/expressjs_demo/node_modules/babel-register/lib/node.js:154:7)
    at Module.load (module.js:545:32)
    at tryModuleLoad (module.js:508:12)
    at Function.Module._load (module.js:500:3)
    at Function.Module.runMain (module.js:665:10)
[error] 2018-11-13T08:49:13.909Z - uncaughtException: "listener" argument must be a function
TypeError: "listener" argument must be a function
    at _addListener (events.js:238:11)
    at Server.addListener (events.js:298:10)
    at Object.<anonymous> (/projects/expressjs_demo/server.js:31:4)
    at Module._compile (module.js:624:30)
    at loader (/projects/expressjs_demo/node_modules/babel-register/lib/node.js:144:5)
    at Object.require.extensions.(anonymous function) [as .js] (/projects/expressjs_demo/node_modules/babel-register/lib/node.js:154:7)
    at Module.load (module.js:545:32)
    at tryModuleLoad (module.js:508:12)
    at Function.Module._load (module.js:500:3)
    at Function.Module.runMain (module.js:665:10)
[error] 2018-11-13T08:51:39.572Z - uncaughtException: "listener" argument must be a function
TypeError: "listener" argument must be a function
    at _addListener (events.js:238:11)
    at Server.addListener (events.js:298:10)
    at Object.<anonymous> (/projects/expressjs_demo/server.js:31:4)
    at Module._compile (module.js:624:30)
    at loader (/projects/expressjs_demo/node_modules/babel-register/lib/node.js:144:5)
    at Object.require.extensions.(anonymous function) [as .js] (/projects/expressjs_demo/node_modules/babel-register/lib/node.js:154:7)
    at Module.load (module.js:545:32)
    at tryModuleLoad (module.js:508:12)
    at Function.Module._load (module.js:500:3)
    at Function.Module.runMain (module.js:665:10)
[error] 2018-11-13T08:51:42.709Z - uncaughtException: "listener" argument must be a function
TypeError: "listener" argument must be a function
    at _addListener (events.js:238:11)
    at Server.addListener (events.js:298:10)
    at Object.<anonymous> (/projects/expressjs_demo/server.js:31:4)
    at Module._compile (module.js:624:30)
    at loader (/projects/expressjs_demo/node_modules/babel-register/lib/node.js:144:5)
    at Object.require.extensions.(anonymous function) [as .js] (/projects/expressjs_demo/node_modules/babel-register/lib/node.js:154:7)
    at Module.load (module.js:545:32)
    at tryModuleLoad (module.js:508:12)
    at Function.Module._load (module.js:500:3)
    at Function.Module.runMain (module.js:665:10)
[error] 2018-11-13T08:51:55.647Z - uncaughtException: "listener" argument must be a function
TypeError: "listener" argument must be a function
    at _addListener (events.js:238:11)
    at Server.addListener (events.js:298:10)
    at Object.<anonymous> (/projects/expressjs_demo/server.js:31:4)
    at Module._compile (module.js:624:30)
    at loader (/projects/expressjs_demo/node_modules/babel-register/lib/node.js:144:5)
    at Object.require.extensions.(anonymous function) [as .js] (/projects/expressjs_demo/node_modules/babel-register/lib/node.js:154:7)
    at Module.load (module.js:545:32)
    at tryModuleLoad (module.js:508:12)
    at Function.Module._load (module.js:500:3)
    at Function.Module.runMain (module.js:665:10)
[error] 2018-11-13T08:53:29.175Z - uncaughtException: "listener" argument must be a function
TypeError: "listener" argument must be a function
    at _addListener (events.js:238:11)
    at Server.addListener (events.js:298:10)
    at Object.<anonymous> (/projects/expressjs_demo/server.js:31:4)
    at Module._compile (module.js:624:30)
    at loader (/projects/expressjs_demo/node_modules/babel-register/lib/node.js:144:5)
    at Object.require.extensions.(anonymous function) [as .js] (/projects/expressjs_demo/node_modules/babel-register/lib/node.js:154:7)
    at Module.load (module.js:545:32)
    at tryModuleLoad (module.js:508:12)
    at Function.Module._load (module.js:500:3)
    at Function.Module.runMain (module.js:665:10)
[error] 2018-11-14T01:46:14.285Z - uncaughtException: Cannot find module './middlewares/logger'
Error: Cannot find module './middlewares/logger'
    at Function.Module._resolveFilename (module.js:527:15)
    at Function.Module._load (module.js:476:23)
    at Module.require (module.js:568:17)
    at require (internal/module.js:11:18)
    at Object.<anonymous> (/projects/expressjs_demo/server.js:9:1)
    at Module._compile (module.js:624:30)
    at loader (/projects/expressjs_demo/node_modules/babel-register/lib/node.js:144:5)
    at Object.require.extensions.(anonymous function) [as .js] (/projects/expressjs_demo/node_modules/babel-register/lib/node.js:154:7)
    at Module.load (module.js:545:32)
    at tryModuleLoad (module.js:508:12)
[error] 2018-11-14T01:47:21.572Z - uncaughtException: "listener" argument must be a function
TypeError: "listener" argument must be a function
    at _addListener (events.js:238:11)
    at Server.addListener (events.js:298:10)
    at Object.<anonymous> (/projects/expressjs_demo/server.js:33:4)
    at Module._compile (module.js:624:30)
    at loader (/projects/expressjs_demo/node_modules/babel-register/lib/node.js:144:5)
    at Object.require.extensions.(anonymous function) [as .js] (/projects/expressjs_demo/node_modules/babel-register/lib/node.js:154:7)
    at Module.load (module.js:545:32)
    at tryModuleLoad (module.js:508:12)
    at Function.Module._load (module.js:500:3)
    at Function.Module.runMain (module.js:665:10)
[error] 2018-11-14T01:47:25.823Z - error test
[error] 2018-11-14T01:49:03.595Z - uncaughtException: "listener" argument must be a function
TypeError: "listener" argument must be a function
    at _addListener (events.js:238:11)
    at Server.addListener (events.js:298:10)
    at Object.<anonymous> (/projects/expressjs_demo/server.js:33:4)
    at Module._compile (module.js:624:30)
    at loader (/projects/expressjs_demo/node_modules/babel-register/lib/node.js:144:5)
    at Object.require.extensions.(anonymous function) [as .js] (/projects/expressjs_demo/node_modules/babel-register/lib/node.js:154:7)
    at Module.load (module.js:545:32)
    at tryModuleLoad (module.js:508:12)
    at Function.Module._load (module.js:500:3)
    at Function.Module.runMain (module.js:665:10)
[error] 2018-11-14T01:49:12.906Z - uncaughtException: "listener" argument must be a function
TypeError: "listener" argument must be a function
    at _addListener (events.js:238:11)
    at Server.addListener (events.js:298:10)
    at Object.<anonymous> (/projects/expressjs_demo/server.js:33:4)
    at Module._compile (module.js:624:30)
    at loader (/projects/expressjs_demo/node_modules/babel-register/lib/node.js:144:5)
    at Object.require.extensions.(anonymous function) [as .js] (/projects/expressjs_demo/node_modules/babel-register/lib/node.js:154:7)
    at Module.load (module.js:545:32)
    at tryModuleLoad (module.js:508:12)
    at Function.Module._load (module.js:500:3)
    at Function.Module.runMain (module.js:665:10)
[error] 2018-11-14T03:37:27.663Z - uncaughtException: "listener" argument must be a function
TypeError: "listener" argument must be a function
    at _addListener (events.js:238:11)
    at Server.addListener (events.js:298:10)
    at Object.<anonymous> (/projects/base-node-express-api/server.js:33:4)
    at Module._compile (module.js:624:30)
    at loader (/projects/base-node-express-api/node_modules/babel-register/lib/node.js:144:5)
    at Object.require.extensions.(anonymous function) [as .js] (/projects/base-node-express-api/node_modules/babel-register/lib/node.js:154:7)
    at Module.load (module.js:545:32)
    at tryModuleLoad (module.js:508:12)
    at Function.Module._load (module.js:500:3)
    at Function.Module.runMain (module.js:665:10)
[error] 2018-11-14T03:42:53.395Z - uncaughtException: "listener" argument must be a function
TypeError: "listener" argument must be a function
    at _addListener (events.js:238:11)
    at Server.addListener (events.js:298:10)
    at Object.<anonymous> (/projects/base-node-express-api/server.js:33:4)
    at Module._compile (module.js:624:30)
    at loader (/projects/base-node-express-api/node_modules/babel-register/lib/node.js:144:5)
    at Object.require.extensions.(anonymous function) [as .js] (/projects/base-node-express-api/node_modules/babel-register/lib/node.js:154:7)
    at Module.load (module.js:545:32)
    at tryModuleLoad (module.js:508:12)
    at Function.Module._load (module.js:500:3)
    at Function.Module.runMain (module.js:665:10)
